#
# A fatal error has been detected by the Java Runtime Environment:
#
#  EXCEPTION_ACCESS_VIOLATION (0xc0000005) at pc=0x00007ffdc9438f4c, pid=22920, tid=12608
#
# JRE version: Java(TM) SE Runtime Environment (22.0.2+9) (build 22.0.2+9-70)
# Java VM: Java HotSpot(TM) 64-Bit Server VM (22.0.2+9-70, mixed mode, sharing, tiered, compressed oops, compressed class ptrs, g1 gc, windows-amd64)
# Problematic frame:
# V  [jvm.dll+0x708f4c]
#
# No core dump will be written. Minidumps are not enabled by default on client versions of Windows
#
# If you would like to submit a bug report, please visit:
#   https://bugreport.java.com/bugreport/crash.jsp
#

---------------  S U M M A R Y ------------

Command Line: -Dclassworlds.conf=D:\Rutesh\University\Computing concepts\Final Project\apache-maven-3.9.9\bin\m2.conf -Dmaven.home=D:\Rutesh\University\Computing concepts\Final Project\apache-maven-3.9.9 -Dlibrary.jansi.path=D:\Rutesh\University\Computing concepts\Final Project\apache-maven-3.9.9\lib\jansi-native -Dmaven.multiModuleProjectDirectory=D:\Rutesh\University\Computing concepts\Final Project\Final_Project_GUI_Plans\final_project org.codehaus.plexus.classworlds.launcher.Launcher spring-boot:run

Host: Intel(R) Core(TM) i5-10210U CPU @ 1.60GHz, 8 cores, 7G,  Windows 11 , 64 bit Build 22621 (10.0.22621.4391)
Time: Tue Nov 26 16:27:04 2024 Eastern Standard Time elapsed time: 3.958679 seconds (0d 0h 0m 3s)

---------------  T H R E A D  ---------------

Current thread (0x000001a05f1a1f20):  JavaThread "C2 CompilerThread1" daemon [_thread_in_native, id=12608, stack(0x0000005875300000,0x0000005875400000) (1024K)]


Current CompileTask:
C2:3958 3637       4       org.codehaus.plexus.configuration.DefaultPlexusConfiguration::add (101 bytes)

Stack: [0x0000005875300000,0x0000005875400000],  sp=0x00000058753fc030,  free space=1008k
Native frames: (J=compiled Java code, j=interpreted, Vv=VM code, C=native code)
V  [jvm.dll+0x708f4c]  (no source info available)
V  [jvm.dll+0x70884e]  (no source info available)
V  [jvm.dll+0x2486c6]  (no source info available)
V  [jvm.dll+0x246da6]  (no source info available)
V  [jvm.dll+0x1c4e80]  (no source info available)
V  [jvm.dll+0x2568f3]  (no source info available)
V  [jvm.dll+0x254baa]  (no source info available)
V  [jvm.dll+0x3f57a6]  (no source info available)
V  [jvm.dll+0x81dc0b]  (no source info available)
V  [jvm.dll+0x6e0d85]  (no source info available)
C  [ucrtbase.dll+0x29333]  (no source info available)
C  [KERNEL32.DLL+0x1259d]  (no source info available)
C  [ntdll.dll+0x5af38]  (no source info available)


siginfo: EXCEPTION_ACCESS_VIOLATION (0xc0000005), reading address 0x00007ff5c96e0ec8


Registers:
RAX=0x00007ff5c96e0ec8, RBX=0x000001a019483bd0, RCX=0x000001a0193f7be8, RDX=0x000001a019a345e8
RSP=0x00000058753fc030, RBP=0x000001a019483bd0, RSI=0x000001a0193f79e8, RDI=0x000001a0193f6dc8
R8 =0x0000000040000000, R9 =0x000001a0193f19b8, R10=0x000001a0193f6408, R11=0x000001a0193f6398
R12=0x0000000000000116, R13=0x000001a0193f7be8, R14=0x00000058753fc330, R15=0x0000000000003770
RIP=0x00007ffdc9438f4c, EFLAGS=0x0000000000010293


Register to memory mapping:

RAX=0x00007ff5c96e0ec8 is an unknown value
RBX=0x000001a019483bd0 points into unknown readable memory: 0x00000058753fe450 | 50 e4 3f 75 58 00 00 00
RCX=0x000001a0193f7be8 points into unknown readable memory: 0x00007ff5c96e0ec8 | c8 0e 6e c9 f5 7f 00 00
RDX=0x000001a019a345e8 points into unknown readable memory: 0xe7e33f3e7fbc26db | db 26 bc 7f 3e 3f e3 e7
RSP=0x00000058753fc030 is pointing into the stack for thread: 0x000001a05f1a1f20
RBP=0x000001a019483bd0 points into unknown readable memory: 0x00000058753fe450 | 50 e4 3f 75 58 00 00 00
RSI=0x000001a0193f79e8 points into unknown readable memory: 0x000001a0193f7960 | 60 79 3f 19 a0 01 00 00
RDI=0x000001a0193f6dc8 points into unknown readable memory: 0x00007ffdc96e0bb8 | b8 0b 6e c9 fd 7f 00 00
R8 =0x0000000040000000 is an unknown value
R9 =0x000001a0193f19b8 points into unknown readable memory: 0x00000058750feb10 | 10 eb 0f 75 58 00 00 00
R10=0x000001a0193f6408 points into unknown readable memory: 0x000001a0193f65b0 | b0 65 3f 19 a0 01 00 00
R11=0x000001a0193f6398 points into unknown readable memory: 0x00007ffdc96e2690 | 90 26 6e c9 fd 7f 00 00
R12=0x0000000000000116 is an unknown value
R13=0x000001a0193f7be8 points into unknown readable memory: 0x00007ff5c96e0ec8 | c8 0e 6e c9 f5 7f 00 00
R14=0x00000058753fc330 is pointing into the stack for thread: 0x000001a05f1a1f20
R15=0x0000000000003770 is an unknown value

Top of Stack: (sp=0x00000058753fc030)
0x00000058753fc030:   000001a019483bd0 000001a019483bd0
0x00000058753fc040:   00000058753fc330 0000000000003770
0x00000058753fc050:   000001a07aa073f0 000001a0193f5a68
0x00000058753fc060:   000001a0193f5b48 000001a0193f5ad8
0x00000058753fc070:   000001a0193f5a68 00007ffdc8f813f0
0x00000058753fc080:   0000000000003770 00000058753fc330
0x00000058753fc090:   0000000000000116 000001a0193f6dc8
0x00000058753fc0a0:   000001a0193f79e8 000001a05f3e2730
0x00000058753fc0b0:   000001a0193f79c8 00007ffdc943884e
0x00000058753fc0c0:   000001a0193f6dc8 000001a0193f7be8
0x00000058753fc0d0:   000001a019483bd0 0000000000000100
0x00000058753fc0e0:   000001a01992b650 000001a01992d470
0x00000058753fc0f0:   000001a05f3e2710 00007ffdc8f786c6
0x00000058753fc100:   00000058753fc200 000001a05f9c30c0
0x00000058753fc110:   000001a05f3e2780 00000058753fe320
0x00000058753fc120:   0000000000000000 0000000000000070
0x00000058753fc130:   0000000000000001 0000000000000000
0x00000058753fc140:   0000000000000000 00007ffdc9561180
0x00000058753fc150:   0000000099c86941 00007ffdc956044f
0x00000058753fc160:   000001a01946b660 000001a05f3e2710
0x00000058753fc170:   00000000ffffffff 00007ffdc956044f
0x00000058753fc180:   000001a019c89020 00007ffdc956044f
0x00000058753fc190:   000001a05f3e2730 000001a07aa073f0
0x00000058753fc1a0:   000001a01992b650 0000000000018360
0x00000058753fc1b0:   000001a019933638 00007ffdc95603ba
0x00000058753fc1c0:   000001a05f348860 000001a019c89020
0x00000058753fc1d0:   0000000000000000 00007ffdc9560003
0x00000058753fc1e0:   000001a05f348860 00007ffdc9560132
0x00000058753fc1f0:   000001a0193afff8 000001a01946b660
0x00000058753fc200:   000001a019c89020 000001a019c89020
0x00000058753fc210:   0000000000000000 00007ffdc955fd6b
0x00000058753fc220:   000001a05f4f9350 000001a01946b660 

Instructions: (pc=0x00007ffdc9438f4c)
0x00007ffdc9438e4c:   83 a0 00 00 00 85 c0 75 db 48 8b 94 24 88 00 00
0x00007ffdc9438e5c:   00 48 8b 52 28 49 3b d6 74 1e 8b 4a 08 41 8b 46
0x00007ffdc9438e6c:   08 89 42 08 49 8b 46 10 41 89 4e 08 48 8b 4a 10
0x00007ffdc9438e7c:   48 89 42 10 49 89 4e 10 8b 83 ac 00 00 00 48 8b
0x00007ffdc9438e8c:   4b 08 89 81 50 02 00 00 48 8b 43 08 48 c7 80 54
0x00007ffdc9438e9c:   02 00 00 00 00 00 00 48 8b c3 48 8b 9c 24 98 00
0x00007ffdc9438eac:   00 00 48 83 c4 40 41 5f 41 5e 41 5d 41 5c 5f 5e
0x00007ffdc9438ebc:   5d c3 cc cc 48 89 54 24 10 48 89 4c 24 08 53 41
0x00007ffdc9438ecc:   55 48 83 ec 78 f6 42 2c 01 49 8b d8 48 89 7c 24
0x00007ffdc9438edc:   68 4c 8b ea 4c 89 74 24 58 48 8b f9 75 0a 8b 42
0x00007ffdc9438eec:   2c 83 e0 7f 3c 50 75 0b 48 8b d3 49 8b cd e8 e1
0x00007ffdc9438efc:   08 00 00 41 8b 45 2c 83 e0 3f 3c 2f 75 24 49 8b
0x00007ffdc9438f0c:   45 08 48 3b 78 28 75 1a 33 d2 49 8b cd e8 32 5e
0x00007ffdc9438f1c:   fa ff 48 85 c0 74 0b 48 8b d3 48 8b c8 e8 b2 08
0x00007ffdc9438f2c:   00 00 49 8b 45 00 49 8b cd 48 89 ac 24 a0 00 00
0x00007ffdc9438f3c:   00 48 89 74 24 70 4c 89 64 24 60 4c 89 7c 24 50
0x00007ffdc9438f4c:   ff 10 41 80 7d 2c c0 44 8b f0 89 84 24 a8 00 00
0x00007ffdc9438f5c:   00 0f 85 ac 02 00 00 48 8b d3 49 8b cd e8 72 08
0x00007ffdc9438f6c:   00 00 41 83 7d 20 00 76 49 49 8b 4d 10 48 8b 01
0x00007ffdc9438f7c:   83 78 20 00 76 3c 48 8b 40 10 48 8b 08 83 79 20
0x00007ffdc9438f8c:   02 75 2f 48 8b 41 10 48 8b 08 83 79 20 00 76 22
0x00007ffdc9438f9c:   48 8b 50 08 83 7a 20 00 76 18 48 8b 41 10 48 8b
0x00007ffdc9438fac:   08 48 8b 42 10 48 3b 08 75 08 48 8b d3 e8 22 08
0x00007ffdc9438fbc:   00 00 41 8d 46 af 83 f8 01 0f 87 44 02 00 00 48
0x00007ffdc9438fcc:   8b d7 49 8b cd e8 aa 0d 00 00 48 85 c0 74 0b 48
0x00007ffdc9438fdc:   8b d0 48 8b cb e8 ca 74 9c ff 41 83 fe 51 0f 85
0x00007ffdc9438fec:   1f 02 00 00 49 8b 45 08 48 8b 48 08 48 3b 48 10
0x00007ffdc9438ffc:   0f 84 0d 02 00 00 48 3b cf 0f 85 88 01 00 00 49
0x00007ffdc943900c:   8b 4d 10 41 8b 45 20 48 89 4c 24 28 48 8d 04 c1
0x00007ffdc943901c:   48 89 44 24 40 48 3b c8 0f 83 e5 01 00 00 66 0f
0x00007ffdc943902c:   1f 44 00 00 48 8b 09 8b 41 2c 25 ff 01 00 00 3d
0x00007ffdc943903c:   00 01 00 00 0f 85 1f 01 00 00 48 8b 51 10 8b 41 


Stack slot to memory mapping:

stack at sp + 0 slots: 0x000001a019483bd0 points into unknown readable memory: 0x00000058753fe450 | 50 e4 3f 75 58 00 00 00
stack at sp + 1 slots: 0x000001a019483bd0 points into unknown readable memory: 0x00000058753fe450 | 50 e4 3f 75 58 00 00 00
stack at sp + 2 slots: 0x00000058753fc330 is pointing into the stack for thread: 0x000001a05f1a1f20
stack at sp + 3 slots: 0x0000000000003770 is an unknown value
stack at sp + 4 slots: 0x000001a07aa073f0 points into unknown readable memory: 0x00007ffdc971ef68 | 68 ef 71 c9 fd 7f 00 00
stack at sp + 5 slots: 0x000001a0193f5a68 points into unknown readable memory: 0x000001a0193f3ba0 | a0 3b 3f 19 a0 01 00 00
stack at sp + 6 slots: 0x000001a0193f5b48 points into unknown readable memory: 0x000001a0193f4ca0 | a0 4c 3f 19 a0 01 00 00
stack at sp + 7 slots: 0x000001a0193f5ad8 points into unknown readable memory: 0x000001a0193f4358 | 58 43 3f 19 a0 01 00 00


---------------  P R O C E S S  ---------------

Threads class SMR info:
_java_thread_list=0x000001a05f13fc30, length=14, elements={
0x000001a07a795510, 0x000001a07faaa670, 0x000001a07faab590, 0x000001a07fab21f0,
0x000001a07fab2c50, 0x000001a07fab3ac0, 0x000001a07fab4780, 0x000001a07fabf3b0,
0x000001a07face520, 0x000001a0194dd5c0, 0x000001a0194e6880, 0x000001a05f1a1f20,
0x000001a05f41dd00, 0x000001a05fb921a0
}

Java Threads: ( => current thread )
  0x000001a07a795510 JavaThread "main"                              [_thread_in_Java, id=24476, stack(0x0000005874100000,0x0000005874200000) (1024K)]
  0x000001a07faaa670 JavaThread "Reference Handler"          daemon [_thread_blocked, id=22956, stack(0x0000005874900000,0x0000005874a00000) (1024K)]
  0x000001a07faab590 JavaThread "Finalizer"                  daemon [_thread_blocked, id=18584, stack(0x0000005874a00000,0x0000005874b00000) (1024K)]
  0x000001a07fab21f0 JavaThread "Signal Dispatcher"          daemon [_thread_blocked, id=22088, stack(0x0000005874b00000,0x0000005874c00000) (1024K)]
  0x000001a07fab2c50 JavaThread "Attach Listener"            daemon [_thread_blocked, id=21400, stack(0x0000005874c00000,0x0000005874d00000) (1024K)]
  0x000001a07fab3ac0 JavaThread "Service Thread"             daemon [_thread_blocked, id=24260, stack(0x0000005874d00000,0x0000005874e00000) (1024K)]
  0x000001a07fab4780 JavaThread "Monitor Deflation Thread"   daemon [_thread_blocked, id=23796, stack(0x0000005874e00000,0x0000005874f00000) (1024K)]
  0x000001a07fabf3b0 JavaThread "C2 CompilerThread0"         daemon [_thread_in_vm, id=23720, stack(0x0000005874f00000,0x0000005875000000) (1024K)]
  0x000001a07face520 JavaThread "C1 CompilerThread0"         daemon [_thread_blocked, id=23932, stack(0x0000005875000000,0x0000005875100000) (1024K)]
  0x000001a0194dd5c0 JavaThread "Notification Thread"        daemon [_thread_blocked, id=23880, stack(0x0000005875100000,0x0000005875200000) (1024K)]
  0x000001a0194e6880 JavaThread "Common-Cleaner"             daemon [_thread_blocked, id=24000, stack(0x0000005875200000,0x0000005875300000) (1024K)]
=>0x000001a05f1a1f20 JavaThread "C2 CompilerThread1"         daemon [_thread_in_native, id=12608, stack(0x0000005875300000,0x0000005875400000) (1024K)]
  0x000001a05f41dd00 JavaThread "Thread-1"                   daemon [_thread_blocked, id=19564, stack(0x0000005875400000,0x0000005875500000) (1024K)]
  0x000001a05fb921a0 JavaThread "C2 CompilerThread2"         daemon [_thread_in_native, id=6596, stack(0x0000005875c00000,0x0000005875d00000) (1024K)]
Total: 14

Other Threads:
  0x000001a07fa8e360 VMThread "VM Thread"                           [id=21388, stack(0x0000005874800000,0x0000005874900000) (1024K)]
  0x000001a07fa75470 WatcherThread "VM Periodic Task Thread"        [id=4136, stack(0x0000005874700000,0x0000005874800000) (1024K)]
  0x000001a07aa47410 WorkerThread "GC Thread#0"                     [id=21556, stack(0x0000005874200000,0x0000005874300000) (1024K)]
  0x000001a05f071bd0 WorkerThread "GC Thread#1"                     [id=2444, stack(0x0000005875500000,0x0000005875600000) (1024K)]
  0x000001a05f071f80 WorkerThread "GC Thread#2"                     [id=18904, stack(0x0000005875600000,0x0000005875700000) (1024K)]
  0x000001a05fedda80 WorkerThread "GC Thread#3"                     [id=22692, stack(0x0000005875700000,0x0000005875800000) (1024K)]
  0x000001a05f522730 WorkerThread "GC Thread#4"                     [id=21760, stack(0x0000005875800000,0x0000005875900000) (1024K)]
  0x000001a05f808460 WorkerThread "GC Thread#5"                     [id=19284, stack(0x0000005875900000,0x0000005875a00000) (1024K)]
  0x000001a05f808810 WorkerThread "GC Thread#6"                     [id=19672, stack(0x0000005875a00000,0x0000005875b00000) (1024K)]
  0x000001a05f808bc0 WorkerThread "GC Thread#7"                     [id=21940, stack(0x0000005875b00000,0x0000005875c00000) (1024K)]
  0x000001a07aa57f30 ConcurrentGCThread "G1 Main Marker"            [id=23068, stack(0x0000005874300000,0x0000005874400000) (1024K)]
  0x000001a07aa599f0 WorkerThread "G1 Conc#0"                       [id=22764, stack(0x0000005874400000,0x0000005874500000) (1024K)]
  0x000001a07aaaeae0 ConcurrentGCThread "G1 Refine#0"               [id=2556, stack(0x0000005874500000,0x0000005874600000) (1024K)]
  0x000001a07f9447b0 ConcurrentGCThread "G1 Service"                [id=20864, stack(0x0000005874600000,0x0000005874700000) (1024K)]
Total: 14

Threads with active compile tasks:
C2 CompilerThread0  4121 3722       4       org.codehaus.plexus.util.xml.pull.MXParser::parseAttribute (1429 bytes)
C2 CompilerThread1  4121 3637       4       org.codehaus.plexus.configuration.DefaultPlexusConfiguration::add (101 bytes)
C2 CompilerThread2  4121 3666       4       org.codehaus.plexus.configuration.xml.XmlPlexusConfiguration::<init> (96 bytes)
Total: 3

VM state: not at safepoint (normal execution)

VM Mutex/Monitor currently owned by a thread: None

Heap address: 0x0000000083400000, size: 1996 MB, Compressed Oops mode: 32-bit

CDS archive(s) mapped at: [0x000001a01a000000-0x000001a01ac60000-0x000001a01ac60000), size 12976128, SharedBaseAddress: 0x000001a01a000000, ArchiveRelocationMode: 1.
Compressed class space mapped at: 0x000001a01b000000-0x000001a05b000000, reserved size: 1073741824
Narrow klass base: 0x000001a01a000000, Narrow klass shift: 0, Narrow klass range: 0x41000000

GC Precious Log:
 CardTable entry size: 512
 Card Set container configuration: InlinePtr #cards 5 size 8 Array Of Cards #cards 12 size 40 Howl #buckets 4 coarsen threshold 1843 Howl Bitmap #cards 512 size 80 coarsen threshold 460 Card regions per heap region 1 cards per card region 2048
 CPUs: 8 total, 8 available
 Memory: 7976M
 Large Page Support: Disabled
 NUMA Support: Disabled
 Compressed Oops: Enabled (32-bit)
 Heap Region Size: 1M
 Heap Min Capacity: 8M
 Heap Initial Capacity: 126M
 Heap Max Capacity: 1996M
 Pre-touch: Disabled
 Parallel Workers: 8
 Concurrent Workers: 2
 Concurrent Refinement Workers: 8
 Periodic GC: Disabled

Heap:
 garbage-first heap   total reserved 2043904K, committed 129024K, used 70493K [0x0000000083400000, 0x0000000100000000)
  region size 1024K, 67 young (68608K), 3 survivors (3072K)
 Metaspace       used 15400K, committed 15616K, reserved 1114112K
  class space    used 1849K, committed 1920K, reserved 1048576K

Heap Regions: E=young(eden), S=young(survivor), O=old, HS=humongous(starts), HC=humongous(continues), CS=collection set, F=free, TAMS=top-at-mark-start, PB=parsable bottom
|   0|0x0000000083400000, 0x0000000083500000, 0x0000000083500000|100%| O|  |TAMS 0x0000000083400000| PB 0x0000000083400000| Untracked |  0
|   1|0x0000000083500000, 0x0000000083600000, 0x0000000083600000|100%| O|  |TAMS 0x0000000083500000| PB 0x0000000083500000| Untracked |  0
|   2|0x0000000083600000, 0x0000000083700000, 0x0000000083700000|100%| O|  |TAMS 0x0000000083600000| PB 0x0000000083600000| Untracked |  0
|   3|0x0000000083700000, 0x00000000837ab080, 0x0000000083800000| 66%| O|  |TAMS 0x0000000083700000| PB 0x0000000083700000| Untracked |  0
|   4|0x0000000083800000, 0x0000000083800000, 0x0000000083900000|  0%| F|  |TAMS 0x0000000083800000| PB 0x0000000083800000| Untracked |  0
|   5|0x0000000083900000, 0x0000000083900000, 0x0000000083a00000|  0%| F|  |TAMS 0x0000000083900000| PB 0x0000000083900000| Untracked |  0
|   6|0x0000000083a00000, 0x0000000083a00000, 0x0000000083b00000|  0%| F|  |TAMS 0x0000000083a00000| PB 0x0000000083a00000| Untracked |  0
|   7|0x0000000083b00000, 0x0000000083b00000, 0x0000000083c00000|  0%| F|  |TAMS 0x0000000083b00000| PB 0x0000000083b00000| Untracked |  0
|   8|0x0000000083c00000, 0x0000000083c00000, 0x0000000083d00000|  0%| F|  |TAMS 0x0000000083c00000| PB 0x0000000083c00000| Untracked |  0
|   9|0x0000000083d00000, 0x0000000083d00000, 0x0000000083e00000|  0%| F|  |TAMS 0x0000000083d00000| PB 0x0000000083d00000| Untracked |  0
|  10|0x0000000083e00000, 0x0000000083e00000, 0x0000000083f00000|  0%| F|  |TAMS 0x0000000083e00000| PB 0x0000000083e00000| Untracked |  0
|  11|0x0000000083f00000, 0x0000000083f00000, 0x0000000084000000|  0%| F|  |TAMS 0x0000000083f00000| PB 0x0000000083f00000| Untracked |  0
|  12|0x0000000084000000, 0x0000000084000000, 0x0000000084100000|  0%| F|  |TAMS 0x0000000084000000| PB 0x0000000084000000| Untracked |  0
|  13|0x0000000084100000, 0x0000000084100000, 0x0000000084200000|  0%| F|  |TAMS 0x0000000084100000| PB 0x0000000084100000| Untracked |  0
|  14|0x0000000084200000, 0x0000000084200000, 0x0000000084300000|  0%| F|  |TAMS 0x0000000084200000| PB 0x0000000084200000| Untracked |  0
|  15|0x0000000084300000, 0x0000000084300000, 0x0000000084400000|  0%| F|  |TAMS 0x0000000084300000| PB 0x0000000084300000| Untracked |  0
|  16|0x0000000084400000, 0x0000000084400000, 0x0000000084500000|  0%| F|  |TAMS 0x0000000084400000| PB 0x0000000084400000| Untracked |  0
|  17|0x0000000084500000, 0x0000000084500000, 0x0000000084600000|  0%| F|  |TAMS 0x0000000084500000| PB 0x0000000084500000| Untracked |  0
|  18|0x0000000084600000, 0x0000000084600000, 0x0000000084700000|  0%| F|  |TAMS 0x0000000084600000| PB 0x0000000084600000| Untracked |  0
|  19|0x0000000084700000, 0x0000000084700000, 0x0000000084800000|  0%| F|  |TAMS 0x0000000084700000| PB 0x0000000084700000| Untracked |  0
|  20|0x0000000084800000, 0x0000000084800000, 0x0000000084900000|  0%| F|  |TAMS 0x0000000084800000| PB 0x0000000084800000| Untracked |  0
|  21|0x0000000084900000, 0x0000000084900000, 0x0000000084a00000|  0%| F|  |TAMS 0x0000000084900000| PB 0x0000000084900000| Untracked |  0
|  22|0x0000000084a00000, 0x0000000084a00000, 0x0000000084b00000|  0%| F|  |TAMS 0x0000000084a00000| PB 0x0000000084a00000| Untracked |  0
|  23|0x0000000084b00000, 0x0000000084b00000, 0x0000000084c00000|  0%| F|  |TAMS 0x0000000084b00000| PB 0x0000000084b00000| Untracked |  0
|  24|0x0000000084c00000, 0x0000000084c00000, 0x0000000084d00000|  0%| F|  |TAMS 0x0000000084c00000| PB 0x0000000084c00000| Untracked |  0
|  25|0x0000000084d00000, 0x0000000084d00000, 0x0000000084e00000|  0%| F|  |TAMS 0x0000000084d00000| PB 0x0000000084d00000| Untracked |  0
|  26|0x0000000084e00000, 0x0000000084e00000, 0x0000000084f00000|  0%| F|  |TAMS 0x0000000084e00000| PB 0x0000000084e00000| Untracked |  0
|  27|0x0000000084f00000, 0x0000000084f00000, 0x0000000085000000|  0%| F|  |TAMS 0x0000000084f00000| PB 0x0000000084f00000| Untracked |  0
|  28|0x0000000085000000, 0x0000000085000000, 0x0000000085100000|  0%| F|  |TAMS 0x0000000085000000| PB 0x0000000085000000| Untracked |  0
|  29|0x0000000085100000, 0x0000000085100000, 0x0000000085200000|  0%| F|  |TAMS 0x0000000085100000| PB 0x0000000085100000| Untracked |  0
|  30|0x0000000085200000, 0x0000000085200000, 0x0000000085300000|  0%| F|  |TAMS 0x0000000085200000| PB 0x0000000085200000| Untracked |  0
|  31|0x0000000085300000, 0x0000000085300000, 0x0000000085400000|  0%| F|  |TAMS 0x0000000085300000| PB 0x0000000085300000| Untracked |  0
|  32|0x0000000085400000, 0x0000000085400000, 0x0000000085500000|  0%| F|  |TAMS 0x0000000085400000| PB 0x0000000085400000| Untracked |  0
|  33|0x0000000085500000, 0x0000000085500000, 0x0000000085600000|  0%| F|  |TAMS 0x0000000085500000| PB 0x0000000085500000| Untracked |  0
|  34|0x0000000085600000, 0x0000000085600000, 0x0000000085700000|  0%| F|  |TAMS 0x0000000085600000| PB 0x0000000085600000| Untracked |  0
|  35|0x0000000085700000, 0x0000000085700000, 0x0000000085800000|  0%| F|  |TAMS 0x0000000085700000| PB 0x0000000085700000| Untracked |  0
|  36|0x0000000085800000, 0x0000000085800000, 0x0000000085900000|  0%| F|  |TAMS 0x0000000085800000| PB 0x0000000085800000| Untracked |  0
|  37|0x0000000085900000, 0x0000000085900000, 0x0000000085a00000|  0%| F|  |TAMS 0x0000000085900000| PB 0x0000000085900000| Untracked |  0
|  38|0x0000000085a00000, 0x0000000085a00000, 0x0000000085b00000|  0%| F|  |TAMS 0x0000000085a00000| PB 0x0000000085a00000| Untracked |  0
|  39|0x0000000085b00000, 0x0000000085b00000, 0x0000000085c00000|  0%| F|  |TAMS 0x0000000085b00000| PB 0x0000000085b00000| Untracked |  0
|  40|0x0000000085c00000, 0x0000000085c00000, 0x0000000085d00000|  0%| F|  |TAMS 0x0000000085c00000| PB 0x0000000085c00000| Untracked |  0
|  41|0x0000000085d00000, 0x0000000085d00000, 0x0000000085e00000|  0%| F|  |TAMS 0x0000000085d00000| PB 0x0000000085d00000| Untracked |  0
|  42|0x0000000085e00000, 0x0000000085e00000, 0x0000000085f00000|  0%| F|  |TAMS 0x0000000085e00000| PB 0x0000000085e00000| Untracked |  0
|  43|0x0000000085f00000, 0x0000000085f00000, 0x0000000086000000|  0%| F|  |TAMS 0x0000000085f00000| PB 0x0000000085f00000| Untracked |  0
|  44|0x0000000086000000, 0x0000000086000000, 0x0000000086100000|  0%| F|  |TAMS 0x0000000086000000| PB 0x0000000086000000| Untracked |  0
|  45|0x0000000086100000, 0x0000000086100000, 0x0000000086200000|  0%| F|  |TAMS 0x0000000086100000| PB 0x0000000086100000| Untracked |  0
|  46|0x0000000086200000, 0x0000000086200000, 0x0000000086300000|  0%| F|  |TAMS 0x0000000086200000| PB 0x0000000086200000| Untracked |  0
|  47|0x0000000086300000, 0x0000000086300000, 0x0000000086400000|  0%| F|  |TAMS 0x0000000086300000| PB 0x0000000086300000| Untracked |  0
|  48|0x0000000086400000, 0x0000000086400000, 0x0000000086500000|  0%| F|  |TAMS 0x0000000086400000| PB 0x0000000086400000| Untracked |  0
|  49|0x0000000086500000, 0x0000000086500000, 0x0000000086600000|  0%| F|  |TAMS 0x0000000086500000| PB 0x0000000086500000| Untracked |  0
|  50|0x0000000086600000, 0x0000000086600000, 0x0000000086700000|  0%| F|  |TAMS 0x0000000086600000| PB 0x0000000086600000| Untracked |  0
|  51|0x0000000086700000, 0x0000000086700000, 0x0000000086800000|  0%| F|  |TAMS 0x0000000086700000| PB 0x0000000086700000| Untracked |  0
|  52|0x0000000086800000, 0x0000000086800000, 0x0000000086900000|  0%| F|  |TAMS 0x0000000086800000| PB 0x0000000086800000| Untracked |  0
|  53|0x0000000086900000, 0x0000000086900000, 0x0000000086a00000|  0%| F|  |TAMS 0x0000000086900000| PB 0x0000000086900000| Untracked |  0
|  54|0x0000000086a00000, 0x0000000086a00000, 0x0000000086b00000|  0%| F|  |TAMS 0x0000000086a00000| PB 0x0000000086a00000| Untracked |  0
|  55|0x0000000086b00000, 0x0000000086b00000, 0x0000000086c00000|  0%| F|  |TAMS 0x0000000086b00000| PB 0x0000000086b00000| Untracked |  0
|  56|0x0000000086c00000, 0x0000000086c00000, 0x0000000086d00000|  0%| F|  |TAMS 0x0000000086c00000| PB 0x0000000086c00000| Untracked |  0
|  57|0x0000000086d00000, 0x0000000086d00000, 0x0000000086e00000|  0%| F|  |TAMS 0x0000000086d00000| PB 0x0000000086d00000| Untracked |  0
|  58|0x0000000086e00000, 0x0000000086e80000, 0x0000000086f00000| 50%| E|  |TAMS 0x0000000086e00000| PB 0x0000000086e00000| Complete |  0
|  59|0x0000000086f00000, 0x0000000087000000, 0x0000000087000000|100%| E|CS|TAMS 0x0000000086f00000| PB 0x0000000086f00000| Complete |  0
|  60|0x0000000087000000, 0x0000000087100000, 0x0000000087100000|100%| E|CS|TAMS 0x0000000087000000| PB 0x0000000087000000| Complete |  0
|  61|0x0000000087100000, 0x0000000087200000, 0x0000000087200000|100%| E|CS|TAMS 0x0000000087100000| PB 0x0000000087100000| Complete |  0
|  62|0x0000000087200000, 0x0000000087300000, 0x0000000087300000|100%| E|CS|TAMS 0x0000000087200000| PB 0x0000000087200000| Complete |  0
|  63|0x0000000087300000, 0x0000000087400000, 0x0000000087400000|100%| E|CS|TAMS 0x0000000087300000| PB 0x0000000087300000| Complete |  0
|  64|0x0000000087400000, 0x0000000087500000, 0x0000000087500000|100%| E|CS|TAMS 0x0000000087400000| PB 0x0000000087400000| Complete |  0
|  65|0x0000000087500000, 0x0000000087600000, 0x0000000087600000|100%| E|CS|TAMS 0x0000000087500000| PB 0x0000000087500000| Complete |  0
|  66|0x0000000087600000, 0x0000000087700000, 0x0000000087700000|100%| E|CS|TAMS 0x0000000087600000| PB 0x0000000087600000| Complete |  0
|  67|0x0000000087700000, 0x0000000087800000, 0x0000000087800000|100%| E|CS|TAMS 0x0000000087700000| PB 0x0000000087700000| Complete |  0
|  68|0x0000000087800000, 0x0000000087900000, 0x0000000087900000|100%| E|CS|TAMS 0x0000000087800000| PB 0x0000000087800000| Complete |  0
|  69|0x0000000087900000, 0x0000000087a00000, 0x0000000087a00000|100%| E|CS|TAMS 0x0000000087900000| PB 0x0000000087900000| Complete |  0
|  70|0x0000000087a00000, 0x0000000087b00000, 0x0000000087b00000|100%| E|CS|TAMS 0x0000000087a00000| PB 0x0000000087a00000| Complete |  0
|  71|0x0000000087b00000, 0x0000000087c00000, 0x0000000087c00000|100%| E|CS|TAMS 0x0000000087b00000| PB 0x0000000087b00000| Complete |  0
|  72|0x0000000087c00000, 0x0000000087d00000, 0x0000000087d00000|100%| E|CS|TAMS 0x0000000087c00000| PB 0x0000000087c00000| Complete |  0
|  73|0x0000000087d00000, 0x0000000087e00000, 0x0000000087e00000|100%| E|CS|TAMS 0x0000000087d00000| PB 0x0000000087d00000| Complete |  0
|  74|0x0000000087e00000, 0x0000000087f00000, 0x0000000087f00000|100%| E|CS|TAMS 0x0000000087e00000| PB 0x0000000087e00000| Complete |  0
|  75|0x0000000087f00000, 0x0000000088000000, 0x0000000088000000|100%| E|CS|TAMS 0x0000000087f00000| PB 0x0000000087f00000| Complete |  0
|  76|0x0000000088000000, 0x0000000088100000, 0x0000000088100000|100%| E|CS|TAMS 0x0000000088000000| PB 0x0000000088000000| Complete |  0
|  77|0x0000000088100000, 0x0000000088200000, 0x0000000088200000|100%| E|CS|TAMS 0x0000000088100000| PB 0x0000000088100000| Complete |  0
|  78|0x0000000088200000, 0x0000000088300000, 0x0000000088300000|100%| E|CS|TAMS 0x0000000088200000| PB 0x0000000088200000| Complete |  0
|  79|0x0000000088300000, 0x0000000088400000, 0x0000000088400000|100%| E|CS|TAMS 0x0000000088300000| PB 0x0000000088300000| Complete |  0
|  80|0x0000000088400000, 0x0000000088500000, 0x0000000088500000|100%| E|CS|TAMS 0x0000000088400000| PB 0x0000000088400000| Complete |  0
|  81|0x0000000088500000, 0x0000000088600000, 0x0000000088600000|100%| E|CS|TAMS 0x0000000088500000| PB 0x0000000088500000| Complete |  0
|  82|0x0000000088600000, 0x0000000088700000, 0x0000000088700000|100%| E|CS|TAMS 0x0000000088600000| PB 0x0000000088600000| Complete |  0
|  83|0x0000000088700000, 0x0000000088800000, 0x0000000088800000|100%| E|CS|TAMS 0x0000000088700000| PB 0x0000000088700000| Complete |  0
|  84|0x0000000088800000, 0x0000000088900000, 0x0000000088900000|100%| E|CS|TAMS 0x0000000088800000| PB 0x0000000088800000| Complete |  0
|  85|0x0000000088900000, 0x0000000088a00000, 0x0000000088a00000|100%| E|CS|TAMS 0x0000000088900000| PB 0x0000000088900000| Complete |  0
|  86|0x0000000088a00000, 0x0000000088b00000, 0x0000000088b00000|100%| E|CS|TAMS 0x0000000088a00000| PB 0x0000000088a00000| Complete |  0
|  87|0x0000000088b00000, 0x0000000088c00000, 0x0000000088c00000|100%| E|CS|TAMS 0x0000000088b00000| PB 0x0000000088b00000| Complete |  0
|  88|0x0000000088c00000, 0x0000000088c2c6a8, 0x0000000088d00000| 17%| S|CS|TAMS 0x0000000088c00000| PB 0x0000000088c00000| Complete |  0
|  89|0x0000000088d00000, 0x0000000088e00000, 0x0000000088e00000|100%| S|CS|TAMS 0x0000000088d00000| PB 0x0000000088d00000| Complete |  0
|  90|0x0000000088e00000, 0x0000000088f00000, 0x0000000088f00000|100%| S|CS|TAMS 0x0000000088e00000| PB 0x0000000088e00000| Complete |  0
|  91|0x0000000088f00000, 0x0000000089000000, 0x0000000089000000|100%| E|CS|TAMS 0x0000000088f00000| PB 0x0000000088f00000| Complete |  0
|  92|0x0000000089000000, 0x0000000089100000, 0x0000000089100000|100%| E|CS|TAMS 0x0000000089000000| PB 0x0000000089000000| Complete |  0
|  93|0x0000000089100000, 0x0000000089200000, 0x0000000089200000|100%| E|CS|TAMS 0x0000000089100000| PB 0x0000000089100000| Complete |  0
|  94|0x0000000089200000, 0x0000000089300000, 0x0000000089300000|100%| E|CS|TAMS 0x0000000089200000| PB 0x0000000089200000| Complete |  0
|  95|0x0000000089300000, 0x0000000089400000, 0x0000000089400000|100%| E|CS|TAMS 0x0000000089300000| PB 0x0000000089300000| Complete |  0
|  96|0x0000000089400000, 0x0000000089500000, 0x0000000089500000|100%| E|CS|TAMS 0x0000000089400000| PB 0x0000000089400000| Complete |  0
|  97|0x0000000089500000, 0x0000000089600000, 0x0000000089600000|100%| E|CS|TAMS 0x0000000089500000| PB 0x0000000089500000| Complete |  0
|  98|0x0000000089600000, 0x0000000089700000, 0x0000000089700000|100%| E|CS|TAMS 0x0000000089600000| PB 0x0000000089600000| Complete |  0
|  99|0x0000000089700000, 0x0000000089800000, 0x0000000089800000|100%| E|CS|TAMS 0x0000000089700000| PB 0x0000000089700000| Complete |  0
| 100|0x0000000089800000, 0x0000000089900000, 0x0000000089900000|100%| E|CS|TAMS 0x0000000089800000| PB 0x0000000089800000| Complete |  0
| 101|0x0000000089900000, 0x0000000089a00000, 0x0000000089a00000|100%| E|CS|TAMS 0x0000000089900000| PB 0x0000000089900000| Complete |  0
| 102|0x0000000089a00000, 0x0000000089b00000, 0x0000000089b00000|100%| E|CS|TAMS 0x0000000089a00000| PB 0x0000000089a00000| Complete |  0
| 103|0x0000000089b00000, 0x0000000089c00000, 0x0000000089c00000|100%| E|CS|TAMS 0x0000000089b00000| PB 0x0000000089b00000| Complete |  0
| 104|0x0000000089c00000, 0x0000000089d00000, 0x0000000089d00000|100%| E|CS|TAMS 0x0000000089c00000| PB 0x0000000089c00000| Complete |  0
| 105|0x0000000089d00000, 0x0000000089e00000, 0x0000000089e00000|100%| E|CS|TAMS 0x0000000089d00000| PB 0x0000000089d00000| Complete |  0
| 106|0x0000000089e00000, 0x0000000089f00000, 0x0000000089f00000|100%| E|CS|TAMS 0x0000000089e00000| PB 0x0000000089e00000| Complete |  0
| 107|0x0000000089f00000, 0x000000008a000000, 0x000000008a000000|100%| E|CS|TAMS 0x0000000089f00000| PB 0x0000000089f00000| Complete |  0
| 108|0x000000008a000000, 0x000000008a100000, 0x000000008a100000|100%| E|CS|TAMS 0x000000008a000000| PB 0x000000008a000000| Complete |  0
| 109|0x000000008a100000, 0x000000008a200000, 0x000000008a200000|100%| E|CS|TAMS 0x000000008a100000| PB 0x000000008a100000| Complete |  0
| 110|0x000000008a200000, 0x000000008a300000, 0x000000008a300000|100%| E|CS|TAMS 0x000000008a200000| PB 0x000000008a200000| Complete |  0
| 111|0x000000008a300000, 0x000000008a400000, 0x000000008a400000|100%| E|CS|TAMS 0x000000008a300000| PB 0x000000008a300000| Complete |  0
| 112|0x000000008a400000, 0x000000008a500000, 0x000000008a500000|100%| E|CS|TAMS 0x000000008a400000| PB 0x000000008a400000| Complete |  0
| 113|0x000000008a500000, 0x000000008a600000, 0x000000008a600000|100%| E|CS|TAMS 0x000000008a500000| PB 0x000000008a500000| Complete |  0
| 114|0x000000008a600000, 0x000000008a700000, 0x000000008a700000|100%| E|CS|TAMS 0x000000008a600000| PB 0x000000008a600000| Complete |  0
| 115|0x000000008a700000, 0x000000008a800000, 0x000000008a800000|100%| E|CS|TAMS 0x000000008a700000| PB 0x000000008a700000| Complete |  0
| 116|0x000000008a800000, 0x000000008a900000, 0x000000008a900000|100%| E|CS|TAMS 0x000000008a800000| PB 0x000000008a800000| Complete |  0
| 117|0x000000008a900000, 0x000000008aa00000, 0x000000008aa00000|100%| E|CS|TAMS 0x000000008a900000| PB 0x000000008a900000| Complete |  0
| 118|0x000000008aa00000, 0x000000008ab00000, 0x000000008ab00000|100%| E|CS|TAMS 0x000000008aa00000| PB 0x000000008aa00000| Complete |  0
| 119|0x000000008ab00000, 0x000000008ac00000, 0x000000008ac00000|100%| E|CS|TAMS 0x000000008ab00000| PB 0x000000008ab00000| Complete |  0
| 120|0x000000008ac00000, 0x000000008ad00000, 0x000000008ad00000|100%| E|CS|TAMS 0x000000008ac00000| PB 0x000000008ac00000| Complete |  0
| 121|0x000000008ad00000, 0x000000008ae00000, 0x000000008ae00000|100%| E|CS|TAMS 0x000000008ad00000| PB 0x000000008ad00000| Complete |  0
| 122|0x000000008ae00000, 0x000000008af00000, 0x000000008af00000|100%| E|CS|TAMS 0x000000008ae00000| PB 0x000000008ae00000| Complete |  0
| 123|0x000000008af00000, 0x000000008b000000, 0x000000008b000000|100%| E|CS|TAMS 0x000000008af00000| PB 0x000000008af00000| Complete |  0
| 124|0x000000008b000000, 0x000000008b100000, 0x000000008b100000|100%| E|CS|TAMS 0x000000008b000000| PB 0x000000008b000000| Complete |  0
| 125|0x000000008b100000, 0x000000008b200000, 0x000000008b200000|100%| E|CS|TAMS 0x000000008b100000| PB 0x000000008b100000| Complete |  0

Card table byte_map: [0x000001a07d0e0000,0x000001a07d4d0000] _byte_map_base: 0x000001a07ccc6000

Marking Bits: (CMBitMap*) 0x000001a07aa47b20
 Bits: [0x000001a07d4d0000, 0x000001a07f400000)

Polling page: 0x000001a07aab0000

Metaspace:

Usage:
  Non-class:     13.23 MB used.
      Class:      1.81 MB used.
       Both:     15.04 MB used.

Virtual space:
  Non-class space:       64.00 MB reserved,      13.38 MB ( 21%) committed,  1 nodes.
      Class space:        1.00 GB reserved,       1.88 MB ( <1%) committed,  1 nodes.
             Both:        1.06 GB reserved,      15.25 MB (  1%) committed. 

Chunk freelists:
   Non-Class:  2.22 MB
       Class:  13.94 MB
        Both:  16.16 MB

MaxMetaspaceSize: unlimited
CompressedClassSpaceSize: 1.00 GB
Initial GC threshold: 21.00 MB
Current GC threshold: 21.00 MB
CDS: on
 - commit_granule_bytes: 65536.
 - commit_granule_words: 8192.
 - virtual_space_node_default_size: 8388608.
 - enlarge_chunks_in_place: 1.
 - use_allocation_guard: 0.


Internal statistics:

num_allocs_failed_limit: 0.
num_arena_births: 174.
num_arena_deaths: 0.
num_vsnodes_births: 2.
num_vsnodes_deaths: 0.
num_space_committed: 244.
num_space_uncommitted: 0.
num_chunks_returned_to_freelist: 0.
num_chunks_taken_from_freelist: 673.
num_chunk_merges: 0.
num_chunk_splits: 472.
num_chunks_enlarged: 392.
num_inconsistent_stats: 0.

CodeHeap 'non-profiled nmethods': size=120000Kb used=1696Kb max_used=1696Kb free=118303Kb
 bounds [0x000001a00fd60000, 0x000001a00ffd0000, 0x000001a017290000]
CodeHeap 'profiled nmethods': size=120000Kb used=7410Kb max_used=7410Kb free=112589Kb
 bounds [0x000001a008290000, 0x000001a0089d0000, 0x000001a00f7c0000]
CodeHeap 'non-nmethods': size=5760Kb used=1410Kb max_used=1465Kb free=4349Kb
 bounds [0x000001a00f7c0000, 0x000001a00fa30000, 0x000001a00fd60000]
 total_blobs=4215 nmethods=3715 adapters=404
 compilation: enabled
              stopped_count=0, restarted_count=0
 full_count=0

Compilation events (20 events):
Event: 3.919 Thread 0x000001a07face520 nmethod 3646 0x000001a008998710 code [0x000001a008998940, 0x000001a0089991b0]
Event: 3.919 Thread 0x000001a05f1a1f20 nmethod 3623 0x000001a00fef1c10 code [0x000001a00fef1e80, 0x000001a00fef2858]
Event: 3.919 Thread 0x000001a05f1a1f20 3637       4       org.codehaus.plexus.configuration.DefaultPlexusConfiguration::add (101 bytes)
Event: 3.923 Thread 0x000001a05fb921a0 nmethod 3636 0x000001a00fef2d10 code [0x000001a00fef2ea0, 0x000001a00fef3418]
Event: 3.923 Thread 0x000001a07face520 3647   !   3       java.io.FileInputStream::close (69 bytes)
Event: 3.923 Thread 0x000001a05fb921a0 3641       4       org.codehaus.plexus.configuration.DefaultPlexusConfiguration::getChild (48 bytes)
Event: 3.924 Thread 0x000001a07face520 nmethod 3647 0x000001a008999510 code [0x000001a008999700, 0x000001a008999c38]
Event: 3.924 Thread 0x000001a07face520 3648       3       java.util.AbstractMap$ValueIterator::hasNext (10 bytes)
Event: 3.924 Thread 0x000001a07face520 nmethod 3648 0x000001a008999e10 code [0x000001a008999fc0, 0x000001a00899a198]
Event: 3.924 Thread 0x000001a07face520 3649       3       org.eclipse.aether.internal.impl.synccontext.named.NamedLockFactoryAdapter$AdaptedLockSyncContext::close (5 bytes)
Event: 3.925 Thread 0x000001a07face520 nmethod 3649 0x000001a00899a290 code [0x000001a00899a440, 0x000001a00899a578]
Event: 3.934 Thread 0x000001a07face520 3651       3       org.apache.maven.model.profile.activation.FileProfileActivator::presentInConfig (29 bytes)
Event: 3.935 Thread 0x000001a07face520 nmethod 3651 0x000001a00899a610 code [0x000001a00899a7c0, 0x000001a00899a9f0]
Event: 3.935 Thread 0x000001a07face520 3652       3       org.apache.maven.model.profile.activation.JdkVersionProfileActivator::presentInConfig (29 bytes)
Event: 3.935 Thread 0x000001a07face520 nmethod 3652 0x000001a00899ab10 code [0x000001a00899acc0, 0x000001a00899aef0]
Event: 3.935 Thread 0x000001a07face520 3653       3       org.apache.maven.model.profile.activation.OperatingSystemProfileActivator::presentInConfig (29 bytes)
Event: 3.935 Thread 0x000001a07face520 nmethod 3653 0x000001a00899b010 code [0x000001a00899b1c0, 0x000001a00899b3f0]
Event: 3.935 Thread 0x000001a07face520 3654       3       org.apache.maven.model.profile.activation.PropertyProfileActivator::presentInConfig (29 bytes)
Event: 3.936 Thread 0x000001a07face520 nmethod 3654 0x000001a00899b510 code [0x000001a00899b6c0, 0x000001a00899b8f0]
Event: 3.936 Thread 0x000001a07face520 3657       3       org.apache.maven.model.merge.ModelMerger$MergingList::mergeAll (348 bytes)

GC Heap History (4 events):
Event: 0.823 GC heap before
{Heap before GC invocations=0 (full 0):
 garbage-first heap   total reserved 2043904K, committed 129024K, used 24576K [0x0000000083400000, 0x0000000100000000)
  region size 1024K, 24 young (24576K), 0 survivors (0K)
 Metaspace       used 5637K, committed 5824K, reserved 1114112K
  class space    used 675K, committed 768K, reserved 1048576K
}
Event: 0.831 GC heap after
{Heap after GC invocations=1 (full 0):
 garbage-first heap   total reserved 2043904K, committed 129024K, used 3775K [0x0000000083400000, 0x0000000100000000)
  region size 1024K, 3 young (3072K), 3 survivors (3072K)
 Metaspace       used 5637K, committed 5824K, reserved 1114112K
  class space    used 675K, committed 768K, reserved 1048576K
}
Event: 1.963 GC heap before
{Heap before GC invocations=1 (full 0):
 garbage-first heap   total reserved 2043904K, committed 129024K, used 36543K [0x0000000083400000, 0x0000000100000000)
  region size 1024K, 35 young (35840K), 3 survivors (3072K)
 Metaspace       used 10304K, committed 10496K, reserved 1114112K
  class space    used 1261K, committed 1344K, reserved 1048576K
}
Event: 1.974 GC heap after
{Heap after GC invocations=2 (full 0):
 garbage-first heap   total reserved 2043904K, committed 129024K, used 5981K [0x0000000083400000, 0x0000000100000000)
  region size 1024K, 3 young (3072K), 3 survivors (3072K)
 Metaspace       used 10304K, committed 10496K, reserved 1114112K
  class space    used 1261K, committed 1344K, reserved 1048576K
}

Dll operation events (8 events):
Event: 0.010 Loaded shared library C:\Program Files\Java\jdk-22\bin\java.dll
Event: 0.038 Loaded shared library C:\Program Files\Java\jdk-22\bin\jsvml.dll
Event: 0.064 Loaded shared library C:\Program Files\Java\jdk-22\bin\net.dll
Event: 0.066 Loaded shared library C:\Program Files\Java\jdk-22\bin\nio.dll
Event: 0.070 Loaded shared library C:\Program Files\Java\jdk-22\bin\zip.dll
Event: 0.192 Loaded shared library C:\Program Files\Java\jdk-22\bin\jimage.dll
Event: 0.193 Loaded shared library D:\Rutesh\University\Computing concepts\Final Project\apache-maven-3.9.9\lib\jansi-native\Windows\x86_64\jansi.dll
Event: 0.209 Loaded shared library C:\Program Files\Java\jdk-22\bin\verify.dll

Deoptimization events (20 events):
Event: 3.822 Thread 0x000001a07a795510 DEOPT PACKING pc=0x000001a00feaa0dc sp=0x00000058741fdb20
Event: 3.822 Thread 0x000001a07a795510 DEOPT UNPACKING pc=0x000001a00f8146a2 sp=0x00000058741fdab8 mode 2
Event: 3.822 Thread 0x000001a07a795510 Uncommon trap: trap_request=0xffffff45 fr.pc=0x000001a00feadbfc relative=0x000000000000053c
Event: 3.822 Thread 0x000001a07a795510 Uncommon trap: reason=unstable_if action=reinterpret pc=0x000001a00feadbfc method=org.codehaus.plexus.util.xml.pull.MXParser.isValidCodePoint(I)Z @ 15 c2
Event: 3.822 Thread 0x000001a07a795510 DEOPT PACKING pc=0x000001a00feadbfc sp=0x00000058741fdb70
Event: 3.822 Thread 0x000001a07a795510 DEOPT UNPACKING pc=0x000001a00f8146a2 sp=0x00000058741fdac0 mode 2
Event: 3.843 Thread 0x000001a07a795510 DEOPT PACKING pc=0x000001a0088238a4 sp=0x00000058741fd4d0
Event: 3.844 Thread 0x000001a07a795510 DEOPT UNPACKING pc=0x000001a00f814e42 sp=0x00000058741fca28 mode 0
Event: 3.881 Thread 0x000001a07a795510 Uncommon trap: trap_request=0xffffffde fr.pc=0x000001a00fdde15c relative=0x000000000000017c
Event: 3.881 Thread 0x000001a07a795510 Uncommon trap: reason=class_check action=maybe_recompile pc=0x000001a00fdde15c method=java.nio.charset.CharsetDecoder.decode(Ljava/nio/ByteBuffer;Ljava/nio/CharBuffer;Z)Ljava/nio/charset/CoderResult; @ 57 c2
Event: 3.881 Thread 0x000001a07a795510 DEOPT PACKING pc=0x000001a00fdde15c sp=0x00000058741fd930
Event: 3.881 Thread 0x000001a07a795510 DEOPT UNPACKING pc=0x000001a00f8146a2 sp=0x00000058741fd8b8 mode 2
Event: 3.881 Thread 0x000001a07a795510 Uncommon trap: trap_request=0xffffffde fr.pc=0x000001a00fdde15c relative=0x000000000000017c
Event: 3.881 Thread 0x000001a07a795510 Uncommon trap: reason=class_check action=maybe_recompile pc=0x000001a00fdde15c method=java.nio.charset.CharsetDecoder.decode(Ljava/nio/ByteBuffer;Ljava/nio/CharBuffer;Z)Ljava/nio/charset/CoderResult; @ 57 c2
Event: 3.881 Thread 0x000001a07a795510 DEOPT PACKING pc=0x000001a00fdde15c sp=0x00000058741fd930
Event: 3.882 Thread 0x000001a07a795510 DEOPT UNPACKING pc=0x000001a00f8146a2 sp=0x00000058741fd8b8 mode 2
Event: 3.882 Thread 0x000001a07a795510 Uncommon trap: trap_request=0xffffffde fr.pc=0x000001a00fdde15c relative=0x000000000000017c
Event: 3.882 Thread 0x000001a07a795510 Uncommon trap: reason=class_check action=maybe_recompile pc=0x000001a00fdde15c method=java.nio.charset.CharsetDecoder.decode(Ljava/nio/ByteBuffer;Ljava/nio/CharBuffer;Z)Ljava/nio/charset/CoderResult; @ 57 c2
Event: 3.882 Thread 0x000001a07a795510 DEOPT PACKING pc=0x000001a00fdde15c sp=0x00000058741fd940
Event: 3.882 Thread 0x000001a07a795510 DEOPT UNPACKING pc=0x000001a00f8146a2 sp=0x00000058741fd8c8 mode 2

Classes loaded (20 events):
Event: 2.869 Loading class java/util/AbstractMap$2
Event: 2.870 Loading class java/util/AbstractMap$2 done
Event: 2.870 Loading class java/util/AbstractMap$ValueIterator
Event: 2.870 Loading class java/util/AbstractMap$ValueIterator done
Event: 2.990 Loading class java/util/StringTokenizer
Event: 2.990 Loading class java/util/StringTokenizer done
Event: 3.079 Loading class java/util/stream/Streams$RangeIntSpliterator
Event: 3.079 Loading class java/util/stream/Streams$RangeIntSpliterator done
Event: 3.627 Loading class java/util/stream/MatchOps$MatchKind
Event: 3.627 Loading class java/util/stream/MatchOps$MatchKind done
Event: 3.627 Loading class java/util/stream/MatchOps
Event: 3.628 Loading class java/util/stream/MatchOps done
Event: 3.628 Loading class java/util/stream/MatchOps$MatchOp
Event: 3.628 Loading class java/util/stream/MatchOps$MatchOp done
Event: 3.628 Loading class java/util/stream/MatchOps$BooleanTerminalSink
Event: 3.628 Loading class java/util/stream/MatchOps$BooleanTerminalSink done
Event: 3.628 Loading class java/util/stream/MatchOps$1MatchSink
Event: 3.629 Loading class java/util/stream/MatchOps$1MatchSink done
Event: 3.881 Loading class sun/nio/cs/ISO_8859_1$Decoder
Event: 3.881 Loading class sun/nio/cs/ISO_8859_1$Decoder done

Classes unloaded (0 events):
No events

Classes redefined (0 events):
No events

Internal exceptions (20 events):
Event: 1.995 Thread 0x000001a07a795510 Exception <a 'java/lang/ExceptionInInitializerError'{0x000000008b1cc5d8}> (0x000000008b1cc5d8) 
thrown [s\open\src\hotspot\share\oops\instanceKlass.cpp, line 1247]
Event: 2.035 Thread 0x000001a07a795510 Exception <a 'java/lang/NoSuchMethodError'{0x000000008b0dd360}: 'long java.lang.invoke.DirectMethodHandle$Holder.invokeStatic(java.lang.Object, java.lang.Object, int)'> (0x000000008b0dd360) 
thrown [s\open\src\hotspot\share\interpreter\linkResolver.cpp, line 774]
Event: 2.038 Thread 0x000001a07a795510 Exception <a 'java/lang/NoSuchMethodError'{0x000000008b0f0ae0}: 'java.lang.Object java.lang.invoke.DirectMethodHandle$Holder.invokeStatic(java.lang.Object, java.lang.Object, java.lang.Object, java.lang.Object, int)'> (0x000000008b0f0ae0) 
thrown [s\open\src\hotspot\share\interpreter\linkResolver.cpp, line 774]
Event: 2.040 Thread 0x000001a07a795510 Exception <a 'java/lang/NoSuchMethodError'{0x000000008b0f8c98}: 'java.lang.Object java.lang.invoke.DirectMethodHandle$Holder.invokeSpecial(java.lang.Object, java.lang.Object, java.lang.Object, java.lang.Object, long)'> (0x000000008b0f8c98) 
thrown [s\open\src\hotspot\share\interpreter\linkResolver.cpp, line 774]
Event: 2.042 Thread 0x000001a07a795510 Exception <a 'java/lang/NoSuchMethodError'{0x000000008af3a278}: 'java.lang.Object java.lang.invoke.DirectMethodHandle$Holder.invokeSpecial(java.lang.Object, java.lang.Object, java.lang.Object, int, java.lang.Object)'> (0x000000008af3a278) 
thrown [s\open\src\hotspot\share\interpreter\linkResolver.cpp, line 774]
Event: 2.043 Thread 0x000001a07a795510 Exception <a 'java/lang/NoSuchMethodError'{0x000000008af425a8}: 'int java.lang.invoke.DirectMethodHandle$Holder.invokeSpecial(java.lang.Object, java.lang.Object, java.lang.Object, int)'> (0x000000008af425a8) 
thrown [s\open\src\hotspot\share\interpreter\linkResolver.cpp, line 774]
Event: 2.049 Thread 0x000001a07a795510 Implicit null exception at 0x000001a00fdede3a to 0x000001a00fdee038
Event: 2.052 Thread 0x000001a07a795510 Exception <a 'java/lang/NoSuchMethodError'{0x000000008af67398}: 'java.lang.Object java.lang.invoke.Invokers$Holder.invokeExact_MT(java.lang.Object, int, java.lang.Object)'> (0x000000008af67398) 
thrown [s\open\src\hotspot\share\interpreter\linkResolver.cpp, line 774]
Event: 2.417 Thread 0x000001a07a795510 Exception <a 'java/lang/NoSuchMethodError'{0x000000008a77d3f0}: 'void java.lang.invoke.Invokers$Holder.invokeExact_MT(java.lang.Object, java.lang.Object, java.lang.Object, java.lang.Object)'> (0x000000008a77d3f0) 
thrown [s\open\src\hotspot\share\interpreter\linkResolver.cpp, line 774]
Event: 2.449 Thread 0x000001a07a795510 Exception <a 'java/lang/NoClassDefFoundError'{0x000000008a610cd0}: com/google/inject/servlet/ServletModuleTargetVisitor> (0x000000008a610cd0) 
thrown [s\open\src\hotspot\share\classfile\systemDictionary.cpp, line 302]
Event: 2.546 Thread 0x000001a07a795510 Exception <a 'java/lang/NoSuchMethodError'{0x000000008a5d1ad8}: 'void java.lang.invoke.DirectMethodHandle$Holder.invokeVirtual(java.lang.Object, java.lang.Object)'> (0x000000008a5d1ad8) 
thrown [s\open\src\hotspot\share\interpreter\linkResolver.cpp, line 774]
Event: 2.601 Thread 0x000001a07a795510 Exception <a 'java/lang/NoSuchMethodError'{0x000000008a4517b0}: 'java.lang.Object java.lang.invoke.DirectMethodHandle$Holder.invokeStaticInit(java.lang.Object, int, int, int, int)'> (0x000000008a4517b0) 
thrown [s\open\src\hotspot\share\interpreter\linkResolver.cpp, line 774]
Event: 2.805 Thread 0x000001a07a795510 Implicit null exception at 0x000001a00fd98b24 to 0x000001a00fd991bc
Event: 2.805 Thread 0x000001a07a795510 Implicit null exception at 0x000001a00fd8cf20 to 0x000001a00fd8d594
Event: 2.886 Thread 0x000001a07a795510 Exception <a 'java/lang/NoSuchMethodError'{0x0000000089fbeea8}: 'void java.lang.invoke.DirectMethodHandle$Holder.invokeSpecial(java.lang.Object, java.lang.Object, java.lang.Object, java.lang.Object, java.lang.Object)'> (0x0000000089fbeea8) 
thrown [s\open\src\hotspot\share\interpreter\linkResolver.cpp, line 774]
Event: 2.894 Thread 0x000001a07a795510 Exception <a 'java/lang/NoSuchMethodError'{0x0000000089fd54b8}: 'void java.lang.invoke.DirectMethodHandle$Holder.invokeSpecial(java.lang.Object, java.lang.Object, java.lang.Object, java.lang.Object, java.lang.Object, java.lang.Object)'> (0x0000000089fd54b8) 
thrown [s\open\src\hotspot\share\interpreter\linkResolver.cpp, line 774]
Event: 2.929 Thread 0x000001a07a795510 Exception <a 'java/lang/NoSuchMethodError'{0x0000000089ec1f10}: 'java.lang.Object java.lang.invoke.DirectMethodHandle$Holder.invokeVirtual(java.lang.Object, java.lang.Object, java.lang.Object)'> (0x0000000089ec1f10) 
thrown [s\open\src\hotspot\share\interpreter\linkResolver.cpp, line 774]
Event: 3.006 Thread 0x000001a07a795510 Exception <a 'java/lang/NoSuchMethodError'{0x0000000089c28550}: 'void java.lang.invoke.DirectMethodHandle$Holder.invokeVirtual(java.lang.Object, java.lang.Object, int)'> (0x0000000089c28550) 
thrown [s\open\src\hotspot\share\interpreter\linkResolver.cpp, line 774]
Event: 3.006 Thread 0x000001a07a795510 Exception <a 'java/lang/NoSuchMethodError'{0x0000000089c2c350}: 'void java.lang.invoke.DirectMethodHandle$Holder.invokeSpecial(java.lang.Object, java.lang.Object, java.lang.Object, int)'> (0x0000000089c2c350) 
thrown [s\open\src\hotspot\share\interpreter\linkResolver.cpp, line 774]
Event: 3.007 Thread 0x000001a07a795510 Exception <a 'java/lang/NoSuchMethodError'{0x0000000089c2fa20}: 'void java.lang.invoke.DelegatingMethodHandle$Holder.reinvoke_L(java.lang.Object, java.lang.Object, int)'> (0x0000000089c2fa20) 
thrown [s\open\src\hotspot\share\interpreter\linkResolver.cpp, line 774]

ZGC Phase Switch (0 events):
No events

VM Operations (20 events):
Event: 2.222 Executing VM operation: HandshakeAllThreads (Deoptimize)
Event: 2.223 Executing VM operation: HandshakeAllThreads (Deoptimize) done
Event: 2.411 Executing VM operation: HandshakeAllThreads (Deoptimize)
Event: 2.411 Executing VM operation: HandshakeAllThreads (Deoptimize) done
Event: 2.453 Executing VM operation: ICBufferFull
Event: 2.453 Executing VM operation: ICBufferFull done
Event: 2.561 Executing VM operation: HandshakeAllThreads (Deoptimize)
Event: 2.561 Executing VM operation: HandshakeAllThreads (Deoptimize) done
Event: 2.621 Executing VM operation: HandshakeAllThreads (Deoptimize)
Event: 2.621 Executing VM operation: HandshakeAllThreads (Deoptimize) done
Event: 2.666 Executing VM operation: HandshakeAllThreads (Deoptimize)
Event: 2.666 Executing VM operation: HandshakeAllThreads (Deoptimize) done
Event: 2.695 Executing VM operation: HandshakeAllThreads (Deoptimize)
Event: 2.695 Executing VM operation: HandshakeAllThreads (Deoptimize) done
Event: 2.749 Executing VM operation: HandshakeAllThreads (Deoptimize)
Event: 2.749 Executing VM operation: HandshakeAllThreads (Deoptimize) done
Event: 3.025 Executing VM operation: ICBufferFull
Event: 3.025 Executing VM operation: ICBufferFull done
Event: 3.617 Executing VM operation: ICBufferFull
Event: 3.617 Executing VM operation: ICBufferFull done

Memory protections (0 events):
No events

Nmethod flushes (0 events):
No events

Events (20 events):
Event: 0.024 Thread 0x000001a07a795510 Thread added: 0x000001a07a795510
Event: 0.035 Thread 0x000001a07a795510 Thread added: 0x000001a07faaa670
Event: 0.035 Thread 0x000001a07a795510 Thread added: 0x000001a07faab590
Event: 0.036 Thread 0x000001a07a795510 Thread added: 0x000001a07fab21f0
Event: 0.036 Thread 0x000001a07a795510 Thread added: 0x000001a07fab2c50
Event: 0.036 Thread 0x000001a07a795510 Thread added: 0x000001a07fab3ac0
Event: 0.036 Thread 0x000001a07a795510 Thread added: 0x000001a07fab4780
Event: 0.036 Thread 0x000001a07a795510 Thread added: 0x000001a07fabf3b0
Event: 0.036 Thread 0x000001a07a795510 Thread added: 0x000001a07face520
Event: 0.058 Thread 0x000001a07a795510 Thread added: 0x000001a0194dd5c0
Event: 0.061 Thread 0x000001a07a795510 Thread added: 0x000001a0194e6880
Event: 0.190 Thread 0x000001a07a795510 Thread added: 0x000001a019774b00
Event: 0.202 Thread 0x000001a019774b00 Thread exited: 0x000001a019774b00
Event: 0.720 Thread 0x000001a07fabf3b0 Thread added: 0x000001a019b05460
Event: 0.747 Thread 0x000001a07face520 Thread added: 0x000001a05f0711a0
Event: 1.567 Thread 0x000001a05f0711a0 Thread exited: 0x000001a05f0711a0
Event: 1.667 Thread 0x000001a019b05460 Thread exited: 0x000001a019b05460
Event: 2.533 Thread 0x000001a07face520 Thread added: 0x000001a05f1a1f20
Event: 2.694 Thread 0x000001a07a795510 Thread added: 0x000001a05f41dd00
Event: 3.120 Thread 0x000001a07face520 Thread added: 0x000001a05fb921a0


Dynamic libraries:
0x00007ff6e81a0000 - 0x00007ff6e81b0000 	C:\Program Files\Java\jdk-22\bin\java.exe
0x00007ffe634d0000 - 0x00007ffe636e7000 	C:\WINDOWS\SYSTEM32\ntdll.dll
0x00007ffe62a50000 - 0x00007ffe62b14000 	C:\WINDOWS\System32\KERNEL32.DLL
0x00007ffe60940000 - 0x00007ffe60cf9000 	C:\WINDOWS\System32\KERNELBASE.dll
0x00007ffe61050000 - 0x00007ffe61161000 	C:\WINDOWS\System32\ucrtbase.dll
0x00007ffe5bcb0000 - 0x00007ffe5bccb000 	C:\Program Files\Java\jdk-22\bin\VCRUNTIME140.dll
0x00007ffe430b0000 - 0x00007ffe430c7000 	C:\Program Files\Java\jdk-22\bin\jli.dll
0x00007ffe62160000 - 0x00007ffe6230e000 	C:\WINDOWS\System32\USER32.dll
0x00007ffe60d70000 - 0x00007ffe60d96000 	C:\WINDOWS\System32\win32u.dll
0x00007ffe4b1b0000 - 0x00007ffe4b442000 	C:\WINDOWS\WinSxS\amd64_microsoft.windows.common-controls_6595b64144ccf1df_6.0.22621.4391_none_2715d37f73803e96\COMCTL32.dll
0x00007ffe61ee0000 - 0x00007ffe61f09000 	C:\WINDOWS\System32\GDI32.dll
0x00007ffe61c90000 - 0x00007ffe61d37000 	C:\WINDOWS\System32\msvcrt.dll
0x00007ffe60e90000 - 0x00007ffe60fab000 	C:\WINDOWS\System32\gdi32full.dll
0x00007ffe60fb0000 - 0x00007ffe6104a000 	C:\WINDOWS\System32\msvcp_win.dll
0x00007ffe62120000 - 0x00007ffe62151000 	C:\WINDOWS\System32\IMM32.DLL
0x00007ffe5bd00000 - 0x00007ffe5bd0c000 	C:\Program Files\Java\jdk-22\bin\vcruntime140_1.dll
0x00007ffe42d20000 - 0x00007ffe42dae000 	C:\Program Files\Java\jdk-22\bin\msvcp140.dll
0x00007ffdc8d30000 - 0x00007ffdc9a79000 	C:\Program Files\Java\jdk-22\bin\server\jvm.dll
0x00007ffe61fd0000 - 0x00007ffe62082000 	C:\WINDOWS\System32\ADVAPI32.dll
0x00007ffe62310000 - 0x00007ffe623b7000 	C:\WINDOWS\System32\sechost.dll
0x00007ffe60da0000 - 0x00007ffe60dc8000 	C:\WINDOWS\System32\bcrypt.dll
0x00007ffe62520000 - 0x00007ffe62634000 	C:\WINDOWS\System32\RPCRT4.dll
0x00007ffe62b90000 - 0x00007ffe62c01000 	C:\WINDOWS\System32\WS2_32.dll
0x00007ffe5f620000 - 0x00007ffe5f66d000 	C:\WINDOWS\SYSTEM32\POWRPROF.dll
0x00007ffe5e310000 - 0x00007ffe5e344000 	C:\WINDOWS\SYSTEM32\WINMM.dll
0x00007ffe58b80000 - 0x00007ffe58b8a000 	C:\WINDOWS\SYSTEM32\VERSION.dll
0x00007ffe5f600000 - 0x00007ffe5f613000 	C:\WINDOWS\SYSTEM32\UMPDC.dll
0x00007ffe5f8d0000 - 0x00007ffe5f8e8000 	C:\WINDOWS\SYSTEM32\kernel.appcore.dll
0x00007ffe597f0000 - 0x00007ffe597fa000 	C:\Program Files\Java\jdk-22\bin\jimage.dll
0x00007ffe5e0d0000 - 0x00007ffe5e302000 	C:\WINDOWS\SYSTEM32\DBGHELP.DLL
0x00007ffe61480000 - 0x00007ffe6180f000 	C:\WINDOWS\System32\combase.dll
0x00007ffe62640000 - 0x00007ffe62717000 	C:\WINDOWS\System32\OLEAUT32.dll
0x00007ffe5e090000 - 0x00007ffe5e0c2000 	C:\WINDOWS\SYSTEM32\dbgcore.DLL
0x00007ffe61170000 - 0x00007ffe611eb000 	C:\WINDOWS\System32\bcryptPrimitives.dll
0x00007ffe5a760000 - 0x00007ffe5a77e000 	C:\Program Files\Java\jdk-22\bin\java.dll
0x00007ffe62c10000 - 0x00007ffe63486000 	C:\WINDOWS\System32\SHELL32.dll
0x00007ffe628a0000 - 0x00007ffe62a45000 	C:\WINDOWS\System32\ole32.dll
0x00007ffe5e6d0000 - 0x00007ffe5efd3000 	C:\WINDOWS\SYSTEM32\windows.storage.dll
0x00007ffe5e580000 - 0x00007ffe5e6bf000 	C:\WINDOWS\SYSTEM32\wintypes.dll
0x00007ffe62780000 - 0x00007ffe62879000 	C:\WINDOWS\System32\SHCORE.dll
0x00007ffe62720000 - 0x00007ffe6277e000 	C:\WINDOWS\System32\shlwapi.dll
0x00007ffe60700000 - 0x00007ffe6072b000 	C:\WINDOWS\SYSTEM32\profapi.dll
0x00007ffe1be60000 - 0x00007ffe1bf37000 	C:\Program Files\Java\jdk-22\bin\jsvml.dll
0x00007ffe597e0000 - 0x00007ffe597f0000 	C:\Program Files\Java\jdk-22\bin\net.dll
0x00007ffe5fd60000 - 0x00007ffe5fdc9000 	C:\WINDOWS\system32\mswsock.dll
0x00007ffe43800000 - 0x00007ffe43816000 	C:\Program Files\Java\jdk-22\bin\nio.dll
0x00007ffe430d0000 - 0x00007ffe430e7000 	C:\Program Files\Java\jdk-22\bin\zip.dll
0x00007ffe43080000 - 0x00007ffe430a4000 	D:\Rutesh\University\Computing concepts\Final Project\apache-maven-3.9.9\lib\jansi-native\Windows\x86_64\jansi.dll
0x00007ffe59780000 - 0x00007ffe59790000 	C:\Program Files\Java\jdk-22\bin\verify.dll

dbghelp: loaded successfully - version: 4.0.5 - missing functions: none
symbol engine: initialized successfully - sym options: 0x614 - pdb path: .;C:\Program Files\Java\jdk-22\bin;C:\WINDOWS\SYSTEM32;C:\WINDOWS\WinSxS\amd64_microsoft.windows.common-controls_6595b64144ccf1df_6.0.22621.4391_none_2715d37f73803e96;C:\Program Files\Java\jdk-22\bin\server;D:\Rutesh\University\Computing concepts\Final Project\apache-maven-3.9.9\lib\jansi-native\Windows\x86_64

VM Arguments:
jvm_args: -Dclassworlds.conf=D:\Rutesh\University\Computing concepts\Final Project\apache-maven-3.9.9\bin\m2.conf -Dmaven.home=D:\Rutesh\University\Computing concepts\Final Project\apache-maven-3.9.9 -Dlibrary.jansi.path=D:\Rutesh\University\Computing concepts\Final Project\apache-maven-3.9.9\lib\jansi-native -Dmaven.multiModuleProjectDirectory=D:\Rutesh\University\Computing concepts\Final Project\Final_Project_GUI_Plans\final_project 
java_command: org.codehaus.plexus.classworlds.launcher.Launcher spring-boot:run
java_class_path (initial): D:\Rutesh\University\Computing concepts\Final Project\apache-maven-3.9.9\boot\plexus-classworlds-2.8.0.jar
Launcher Type: SUN_STANDARD

[Global flags]
     intx CICompilerCount                          = 4                                         {product} {ergonomic}
     uint ConcGCThreads                            = 2                                         {product} {ergonomic}
     uint G1ConcRefinementThreads                  = 8                                         {product} {ergonomic}
   size_t G1HeapRegionSize                         = 1048576                                   {product} {ergonomic}
   size_t InitialHeapSize                          = 132120576                                 {product} {ergonomic}
   size_t MarkStackSize                            = 4194304                                   {product} {ergonomic}
   size_t MaxHeapSize                              = 2092957696                                {product} {ergonomic}
   size_t MaxNewSize                               = 1255145472                                {product} {ergonomic}
   size_t MinHeapDeltaBytes                        = 1048576                                   {product} {ergonomic}
   size_t MinHeapSize                              = 8388608                                   {product} {ergonomic}
    uintx NonNMethodCodeHeapSize                   = 5839372                                {pd product} {ergonomic}
    uintx NonProfiledCodeHeapSize                  = 122909434                              {pd product} {ergonomic}
    uintx ProfiledCodeHeapSize                     = 122909434                              {pd product} {ergonomic}
    uintx ReservedCodeCacheSize                    = 251658240                              {pd product} {ergonomic}
     bool SegmentedCodeCache                       = true                                      {product} {ergonomic}
   size_t SoftMaxHeapSize                          = 2092957696                             {manageable} {ergonomic}
     bool UseCompressedOops                        = true                           {product lp64_product} {ergonomic}
     bool UseG1GC                                  = true                                      {product} {ergonomic}
     bool UseLargePagesIndividualAllocation        = false                                  {pd product} {ergonomic}

Logging:
Log output configuration:
 #0: stdout all=warning uptime,level,tags foldmultilines=false
 #1: stderr all=off uptime,level,tags foldmultilines=false

Environment Variables:
JAVA_HOME=C:\Program Files\Java\jdk-22
PATH=C:\Program Files\Common Files\Oracle\Java\javapath;C:\Windows\system32;C:\Windows;C:\Windows\System32\Wbem;C:\Windows\System32\WindowsPowerShell\v1.0\;C:\Windows\System32\OpenSSH\;C:\Program Files (x86)\NVIDIA Corporation\PhysX\Common;C:\Program Files\NVIDIA Corporation\NVIDIA NvDLISR;C:\WINDOWS\system32;C:\WINDOWS;C:\WINDOWS\System32\Wbem;C:\WINDOWS\System32\WindowsPowerShell\v1.0\;C:\WINDOWS\System32\OpenSSH\;D:\mingw32\bin;D:\MinGW\bin;D:\Git\cmd;D:\flutter_windows_2.10.5-stable\flutter\bin;C:\Program Files\OpenSSL-Win64\bin;D:\SDK_Folder\platforms;D:\SDK_Folder\platform-tools;C:\Program Files\dotnet\;C:\src\flutter\bin;C:\Program Files\Java\jdk-22\bin;D:\Rutesh\University\Computing concepts\Selenium_Jars_Chrome_files\chrome_driver;D:\Rutesh\University\Computing concepts\Final Project\apache-maven-3.9.9\bin;C:\Users\rutes\AppData\Local\Microsoft\WindowsApps;D:\Microsoft VS Code\bin;D:\mingw32\bin;D:\MinGW\bin;C:\Users\rutes\Downloads\flutter_windows_2.10.5-stable\flutter\bin;D:\PyCharm Community Edition 2022.1.1\bin;;C:\src\flutter\bin;D:\SDK_Folder\platforms;D:\SDK_Folder\platform-tools;D:\flutter_windows_2.10.5-stable\flutter\bin;C:\src\flutter\bin;C:\src\flutter\;C:\Program Files\Java\jdk-22\bin;C:\Program Files\JetBrains\IntelliJ IDEA Community Edition 2024.2.2\bin;;D:\Rutesh\University\Computing concepts\Final Project\apache-maven-3.9.9\bin;
USERNAME=rutes
LANG=en_US.UTF-8
OS=Windows_NT
PROCESSOR_IDENTIFIER=Intel64 Family 6 Model 142 Stepping 12, GenuineIntel
TMP=C:\Users\rutes\AppData\Local\Temp
TEMP=C:\Users\rutes\AppData\Local\Temp




Periodic native trim disabled

---------------  S Y S T E M  ---------------

OS:
 Windows 11 , 64 bit Build 22621 (10.0.22621.4391)
OS uptime: 0 days 3:17 hours
Hyper-V role detected

CPU: total 8 (initial active 8) (4 cores per cpu, 2 threads per core) family 6 model 142 stepping 12 microcode 0xde, cx8, cmov, fxsr, ht, mmx, 3dnowpref, sse, sse2, sse3, ssse3, sse4.1, sse4.2, popcnt, lzcnt, tsc, tscinvbit, avx, avx2, aes, erms, clmul, bmi1, bmi2, adx, fma, vzeroupper, clflush, clflushopt, hv, rdtscp, f16c
Processor Information for all 8 processors :
  Max Mhz: 2112, Current Mhz: 1609, Mhz Limit: 1605

Memory: 4k page, system-wide physical 7976M (1081M free)
TotalPageFile size 17704M (AvailPageFile size 6098M)
current process WorkingSet (physical memory assigned to process): 161M, peak: 161M
current process commit charge ("private bytes"): 255M, peak: 258M

vm_info: Java HotSpot(TM) 64-Bit Server VM (22.0.2+9-70) for windows-amd64 JRE (22.0.2+9-70), built on 2024-06-04T16:52:23Z by "mach5one" with MS VC++ 17.6 (VS2022)

END.
