#
# A fatal error has been detected by the Java Runtime Environment:
#
#  EXCEPTION_ACCESS_VIOLATION (0xc0000005) at pc=0x00007ffe6357cde4, pid=4024, tid=8384
#
# JRE version: Java(TM) SE Runtime Environment (22.0.2+9) (build 22.0.2+9-70)
# Java VM: Java HotSpot(TM) 64-Bit Server VM (22.0.2+9-70, mixed mode, emulated-client, sharing, tiered, compressed oops, compressed class ptrs, g1 gc, windows-amd64)
# Problematic frame:
# C  [ntdll.dll+0xacde4]
#
# No core dump will be written. Minidumps are not enabled by default on client versions of Windows
#
# If you would like to submit a bug report, please visit:
#   https://bugreport.java.com/bugreport/crash.jsp
#

---------------  S U M M A R Y ------------

Command Line: -XX:TieredStopAtLevel=1 com.example.FinalProjectApplication

Host: Intel(R) Core(TM) i5-10210U CPU @ 1.60GHz, 8 cores, 7G,  Windows 11 , 64 bit Build 22621 (10.0.22621.4391)
Time: Tue Nov 26 15:40:30 2024 Eastern Standard Time elapsed time: 1660.376564 seconds (0d 0h 27m 40s)

---------------  T H R E A D  ---------------

Current thread (0x000001a005805b90):  VMThread "VM Thread"          [id=8384, stack(0x00000035c7400000,0x00000035c7500000) (1024K)]

Stack: [0x00000035c7400000,0x00000035c7500000],  sp=0x00000035c74fe900,  free space=1018k
Native frames: (J=compiled Java code, j=interpreted, Vv=VM code, C=native code)
C  [ntdll.dll+0xacde4]  (no source info available)
C  [ntdll.dll+0x3b001]  (no source info available)
C  [ucrtbase.dll+0x1364b]  (no source info available)
V  [jvm.dll+0x2271b7]  (no source info available)
V  [jvm.dll+0x22307e]  (no source info available)
V  [jvm.dll+0x330d30]  (no source info available)
V  [jvm.dll+0x338e97]  (no source info available)
V  [jvm.dll+0x370515]  (no source info available)
V  [jvm.dll+0x87e0f0]  (no source info available)
V  [jvm.dll+0x87f477]  (no source info available)
V  [jvm.dll+0x87f9f0]  (no source info available)
V  [jvm.dll+0x87fc93]  (no source info available)
V  [jvm.dll+0x81dc0b]  (no source info available)
V  [jvm.dll+0x6e0d85]  (no source info available)
C  [ucrtbase.dll+0x29333]  (no source info available)
C  [KERNEL32.DLL+0x1259d]  (no source info available)
C  [ntdll.dll+0x5af38]  (no source info available)


siginfo: EXCEPTION_ACCESS_VIOLATION (0xc0000005), reading address 0xffffffffffffffff


Registers:
RAX=0x000000004d6e6f69, RBX=0x000001a04bbb74d0, RCX=0x000001a04b4cd970, RDX=0x00000000000004b4
RSP=0x00000035c74fe900, RBP=0x000001a04d129cd0, RSI=0x000001a04d129ce0, RDI=0x0000000000000000
R8 =0x0000000049bc0124, R9 =0x6567001ca75c0003, R10=0x0000000000000003, R11=0x00000035c74fe940
R12=0x0000000000000000, R13=0x000001a072f30000, R14=0x6f6874654d6e6f69, R15=0x0000000000000000
RIP=0x00007ffe6357cde4, EFLAGS=0x0000000000010a06


Register to memory mapping:

RAX=0x000000004d6e6f69 is an unknown value
RBX=0x000001a04bbb74d0 points into unknown readable memory: 0x000001a04ba324a0 | a0 24 a3 4b a0 01 00 00
RCX=0x000001a04b4cd970 points into unknown readable memory: 0x0000000000000000 | 00 00 00 00 00 00 00 00
RDX=0x00000000000004b4 is an unknown value
RSP=0x00000035c74fe900 points into unknown readable memory: 0x000001a04d8e3df0 | f0 3d 8e 4d a0 01 00 00
RBP=0x000001a04d129cd0 points into unknown readable memory: 0x000000720061006a | 6a 00 61 00 72 00 00 00
RSI=0x000001a04d129ce0 points into unknown readable memory: 0x0000000000000000 | 00 00 00 00 00 00 00 00
RDI=0x0 is null
R8 =0x0000000049bc0124 is an unknown value
R9 =0x6567001ca75c0003 is an unknown value
R10=0x0000000000000003 is an unknown value
R11=0x00000035c74fe940 points into unknown readable memory: 0x000001a0057fc640 | 40 c6 7f 05 a0 01 00 00
R12=0x0 is null
R13=0x000001a072f30000 points into unknown readable memory: 0x0000000000000000 | 00 00 00 00 00 00 00 00
R14=0x6f6874654d6e6f69 is an unknown value
R15=0x0 is null

Top of Stack: (sp=0x00000035c74fe900)
0x00000035c74fe900:   000001a04d8e3df0 000001a04cc23658
0x00000035c74fe910:   000001a0057fc640 000001a07523f9e0
0x00000035c74fe920:   000001a0057fca28 000001a0057fc650
0x00000035c74fe930:   000001a04d129cdf 00007ffe000004b4
0x00000035c74fe940:   000001a0057fc640 000001a04bbb74d0
0x00000035c74fe950:   6567001ca75c0003 000001a0057fc650
0x00000035c74fe960:   000001a04d8e41d0 00007ffe6350b001
0x00000035c74fe970:   000001a04d8e41c0 000001a072f30000
0x00000035c74fe980:   00000035c74fed80 0000000000000000
0x00000035c74fe990:   000001a0057fc640 000001a07523f9e0
0x00000035c74fe9a0:   000001a0057fca28 000001a0057fc650
0x00000035c74fe9b0:   000001a04d129ce0 00007ffe6350b001
0x00000035c74fe9c0:   000001a04d129cd0 000001a072f30000
0x00000035c74fe9d0:   00000035c74fed80 0000000000000000
0x00000035c74fe9e0:   0000000000000000 0000000000000000
0x00000035c74fe9f0:   000001a04d12a3c0 00007ffe6106364b
0x00000035c74fea00:   000001a04d129ce0 000001a072f69da0
0x00000035c74fea10:   0000000000000000 00007ffdd746a00b
0x00000035c74fea20:   000001a04d129ce0 00007ffdd73671b7
0x00000035c74fea30:   000001a04cf2b660 000001a000000000
0x00000035c74fea40:   000001a072f69da0 00007ffdd7d7a590
0x00000035c74fea50:   0000000000000001 00007ffdd736307e
0x00000035c74fea60:   0000000000000001 0000033074616d45
0x00000035c74fea70:   00000003dda3a134 000003307352e9d7
0x00000035c74fea80:   000001a0751fa780 00007ffdd7470d30
0x00000035c74fea90:   0000000000000001 0000000000000001
0x00000035c74feaa0:   000001a072f69da0 000001a072f69da0
0x00000035c74feab0:   0000000000000000 0000000000000008
0x00000035c74feac0:   000001a04d121150 000001a000000008
0x00000035c74fead0:   000001a04d43de00 0000000000000200
0x00000035c74feae0:   00007ffdd7b14240 00000035c74fed50
0x00000035c74feaf0:   0000000000000000 000001a0057ebf30 

Instructions: (pc=0x00007ffe6357cde4)
0x00007ffe6357cce4:   89 4c 24 28 4c 8b ce 41 8b ca 48 89 44 24 20 4c
0x00007ffe6357ccf4:   8b c5 49 8b d5 e8 f2 50 07 00 65 48 8b 04 25 30
0x00007ffe6357cd04:   00 00 00 b9 0d 00 00 c0 c7 80 50 12 00 00 0d 00
0x00007ffe6357cd14:   00 c0 65 48 8b 1c 25 30 00 00 00 e8 0c 69 fa ff
0x00007ffe6357cd24:   89 43 68 8b df e9 73 f2 f8 ff 41 f7 c7 02 01 00
0x00007ffe6357cd34:   3c 0f 85 dc f5 f8 ff 80 7e ff 05 48 8d 4e f0 75
0x00007ffe6357cd44:   11 0f b6 41 0e 48 c1 e0 04 48 2b c8 48 83 c1 10
0x00007ffe6357cd54:   eb 03 48 8b cf 48 89 4c 24 20 45 8b ca 8b 4e f8
0x00007ffe6357cd64:   4c 8b c6 49 8b d5 48 89 5c 24 30 e8 ea 2d 00 00
0x00007ffe6357cd74:   85 c0 78 86 41 ba 03 00 00 00 e9 94 f5 f8 ff 44
0x00007ffe6357cd84:   8b 05 de a5 0d 00 48 8b cd 48 c1 e9 04 33 4d 08
0x00007ffe6357cd94:   41 33 cd 41 33 c8 66 85 c9 0f 85 da 04 00 00 48
0x00007ffe6357cda4:   c1 e9 0c 48 8b c5 48 2b c1 48 8b 18 48 89 5c 24
0x00007ffe6357cdb4:   48 48 85 db 0f 84 bf 04 00 00 0f 0d 0b 4c 8b 4b
0x00007ffe6357cdc4:   08 8b 45 0c c1 e8 08 0f b7 d0 48 8b 03 4c 89 4c
0x00007ffe6357cdd4:   24 50 89 54 24 38 48 8b 08 4c 8b 71 18 41 8b c6
0x00007ffe6357cde4:   41 33 41 18 41 33 c0 41 33 c1 8b c8 c1 e8 10 0f
0x00007ffe6357cdf4:   af c2 0f b7 c9 49 03 c1 48 03 c8 48 3b cd 74 09
0x00007ffe6357ce04:   49 8b 56 18 e9 73 04 00 00 e8 8e e2 f8 ff 85 c0
0x00007ffe6357ce14:   74 19 65 48 8b 04 25 60 00 00 00 48 8b 88 90 00
0x00007ffe6357ce24:   00 00 48 81 c1 26 02 00 00 eb 05 b9 80 03 fe 7f
0x00007ffe6357ce34:   40 38 39 74 2d 65 48 8b 04 25 60 00 00 00 f6 80
0x00007ffe6357ce44:   78 03 00 00 01 74 1b 49 8b 4e 18 48 8d 55 10 41
0x00007ffe6357ce54:   b8 02 00 00 00 e8 52 ad 06 00 48 8b ac 24 c0 00
0x00007ffe6357ce64:   00 00 66 83 3c 25 6a 03 fe 7f 01 44 8b cf b8 64
0x00007ffe6357ce74:   00 00 00 44 8b c7 44 0f 47 c8 eb 05 48 8b 5c 24
0x00007ffe6357ce84:   48 8b 5b 20 49 c7 c6 ff ff ff ff 48 8b 54 24 48
0x00007ffe6357ce94:   8b c3 c1 e8 10 66 0f ba e0 0f 72 11 8b cb 8b c3
0x00007ffe6357cea4:   81 c9 00 00 00 80 f0 0f b1 4a 20 74 0b 41 ff c0
0x00007ffe6357ceb4:   45 3b c1 76 c7 41 8b de 48 8b 44 24 30 4c 8d 42
0x00007ffe6357cec4:   10 c6 00 80 41 3b de 75 11 48 8d 55 10 49 8b c8
0x00007ffe6357ced4:   e8 b7 70 ff ff e9 ba 03 00 00 48 8b 6c 24 50 8b 


Stack slot to memory mapping:

stack at sp + 0 slots: 0x000001a04d8e3df0 points into unknown readable memory: 0x000001a04b1ab950 | 50 b9 1a 4b a0 01 00 00
stack at sp + 1 slots: 0x000001a04cc23658 points into unknown readable memory: 0x000001a0077e6000 | 00 60 7e 07 a0 01 00 00
stack at sp + 2 slots: 0x000001a0057fc640 points into unknown readable memory: 0x0000000000000000 | 00 00 00 00 00 00 00 00
stack at sp + 3 slots: 0x000001a07523f9e0 points into unknown readable memory: 0x000001a07524fc50 | 50 fc 24 75 a0 01 00 00
stack at sp + 4 slots: 0x000001a0057fca28 points into unknown readable memory: 0x101943b55ff99513 | 13 95 f9 5f b5 43 19 10
stack at sp + 5 slots: 0x000001a0057fc650 points into unknown readable memory: 0x000001a0057fc670 | 70 c6 7f 05 a0 01 00 00
stack at sp + 6 slots: 0x000001a04d129cdf points into unknown readable memory: 90
stack at sp + 7 slots: 0x00007ffe000004b4 is an unknown value

VM_Operation (0x00000035c6fff8b0): G1PauseRemark, mode: safepoint, requested by thread 0x000001a07524fc50


---------------  P R O C E S S  ---------------

Threads class SMR info:
_java_thread_list=0x000001a04d3721e0, length=30, elements={
0x000001a005820010, 0x000001a005826f50, 0x000001a00582d650, 0x000001a00582f0c0,
0x000001a00582fb20, 0x000001a0058306b0, 0x000001a005831110, 0x000001a005a7bef0,
0x000001a005a805d0, 0x000001a04b715ef0, 0x000001a005a203b0, 0x000001a04d255410,
0x000001a04d255aa0, 0x000001a005a21df0, 0x000001a005a21760, 0x000001a005a20a40,
0x000001a005a22480, 0x000001a005a231a0, 0x000001a04d254060, 0x000001a04d256130,
0x000001a04d259c40, 0x000001a04d254d80, 0x000001a04d25b680, 0x000001a04d25a960,
0x000001a04d2574e0, 0x000001a04d258890, 0x000001a04d2567c0, 0x000001a04d2546f0,
0x000001a04d257b70, 0x000001a04d258200
}

Java Threads: ( => current thread )
  0x000001a005820010 JavaThread "Reference Handler"          daemon [_thread_blocked, id=4088, stack(0x00000035c7500000,0x00000035c7600000) (1024K)]
  0x000001a005826f50 JavaThread "Finalizer"                  daemon [_thread_blocked, id=19412, stack(0x00000035c7600000,0x00000035c7700000) (1024K)]
  0x000001a00582d650 JavaThread "Signal Dispatcher"          daemon [_thread_blocked, id=13484, stack(0x00000035c7700000,0x00000035c7800000) (1024K)]
  0x000001a00582f0c0 JavaThread "Attach Listener"            daemon [_thread_blocked, id=11236, stack(0x00000035c7800000,0x00000035c7900000) (1024K)]
  0x000001a00582fb20 JavaThread "Service Thread"             daemon [_thread_blocked, id=15932, stack(0x00000035c7900000,0x00000035c7a00000) (1024K)]
  0x000001a0058306b0 JavaThread "Monitor Deflation Thread"   daemon [_thread_blocked, id=16092, stack(0x00000035c7a00000,0x00000035c7b00000) (1024K)]
  0x000001a005831110 JavaThread "C1 CompilerThread0"         daemon [_thread_blocked, id=16080, stack(0x00000035c7b00000,0x00000035c7c00000) (1024K)]
  0x000001a005a7bef0 JavaThread "Notification Thread"        daemon [_thread_blocked, id=15040, stack(0x00000035c7d00000,0x00000035c7e00000) (1024K)]
  0x000001a005a805d0 JavaThread "Common-Cleaner"             daemon [_thread_blocked, id=8676, stack(0x00000035c7e00000,0x00000035c7f00000) (1024K)]
  0x000001a04b715ef0 JavaThread "WindowsStreamPump"          daemon [_thread_blocked, id=15424, stack(0x00000035c8800000,0x00000035c8900000) (1024K)]
  0x000001a005a203b0 JavaThread "Live Reload Server"         daemon [_thread_in_native, id=120, stack(0x00000035c9200000,0x00000035c9300000) (1024K)]
  0x000001a04d255410 JavaThread "DestroyJavaVM"                     [_thread_blocked, id=4920, stack(0x00000035c6d00000,0x00000035c6e00000) (1024K)]
  0x000001a04d255aa0 JavaThread "File Watcher"               daemon [_thread_blocked, id=15476, stack(0x00000035c6c00000,0x00000035c6d00000) (1024K)]
  0x000001a005a21df0 JavaThread "HikariPool-8 housekeeper"   daemon [_thread_blocked, id=17672, stack(0x00000035c7f00000,0x00000035c8000000) (1024K)]
  0x000001a005a21760 JavaThread "Catalina-utility-1"                [_thread_blocked, id=7248, stack(0x00000035c8000000,0x00000035c8100000) (1024K)]
  0x000001a005a20a40 JavaThread "Catalina-utility-2"                [_thread_blocked, id=3192, stack(0x00000035c8100000,0x00000035c8200000) (1024K)]
  0x000001a005a22480 JavaThread "container-1"                       [_thread_blocked, id=18040, stack(0x00000035c8b00000,0x00000035c8c00000) (1024K)]
  0x000001a005a231a0 JavaThread "File Watcher"               daemon [_thread_blocked, id=15640, stack(0x00000035c8e00000,0x00000035c8f00000) (1024K)]
  0x000001a04d254060 JavaThread "http-nio-8080-exec-1"       daemon [_thread_blocked, id=17080, stack(0x00000035c8f00000,0x00000035c9000000) (1024K)]
  0x000001a04d256130 JavaThread "http-nio-8080-exec-2"       daemon [_thread_blocked, id=7108, stack(0x00000035c9000000,0x00000035c9100000) (1024K)]
  0x000001a04d259c40 JavaThread "http-nio-8080-exec-3"       daemon [_thread_blocked, id=17620, stack(0x00000035c9100000,0x00000035c9200000) (1024K)]
  0x000001a04d254d80 JavaThread "http-nio-8080-exec-4"       daemon [_thread_blocked, id=19784, stack(0x00000035c9300000,0x00000035c9400000) (1024K)]
  0x000001a04d25b680 JavaThread "http-nio-8080-exec-5"       daemon [_thread_blocked, id=15968, stack(0x00000035c9400000,0x00000035c9500000) (1024K)]
  0x000001a04d25a960 JavaThread "http-nio-8080-exec-6"       daemon [_thread_blocked, id=19180, stack(0x00000035c9500000,0x00000035c9600000) (1024K)]
  0x000001a04d2574e0 JavaThread "http-nio-8080-exec-7"       daemon [_thread_blocked, id=18496, stack(0x00000035c9600000,0x00000035c9700000) (1024K)]
  0x000001a04d258890 JavaThread "http-nio-8080-exec-8"       daemon [_thread_blocked, id=9888, stack(0x00000035c9700000,0x00000035c9800000) (1024K)]
  0x000001a04d2567c0 JavaThread "http-nio-8080-exec-9"       daemon [_thread_blocked, id=8608, stack(0x00000035c9800000,0x00000035c9900000) (1024K)]
  0x000001a04d2546f0 JavaThread "http-nio-8080-exec-10"      daemon [_thread_blocked, id=19636, stack(0x00000035c9900000,0x00000035c9a00000) (1024K)]
  0x000001a04d257b70 JavaThread "http-nio-8080-Poller"       daemon [_thread_blocked, id=13104, stack(0x00000035c9a00000,0x00000035c9b00000) (1024K)]
  0x000001a04d258200 JavaThread "http-nio-8080-Acceptor"     daemon [_thread_in_native, id=3128, stack(0x00000035c9b00000,0x00000035c9c00000) (1024K)]
Total: 30

Other Threads:
=>0x000001a005805b90 VMThread "VM Thread"                           [id=8384, stack(0x00000035c7400000,0x00000035c7500000) (1024K)]
  0x000001a0057ed950 WatcherThread "VM Periodic Task Thread"        [id=15368, stack(0x00000035c7300000,0x00000035c7400000) (1024K)]
  0x000001a07523f3d0 WorkerThread "GC Thread#0"                     [id=13464, stack(0x00000035c6e00000,0x00000035c6f00000) (1024K)]
  0x000001a04b4f0d80 WorkerThread "GC Thread#1"                     [id=11888, stack(0x00000035c8200000,0x00000035c8300000) (1024K)]
  0x000001a04b4ca0b0 WorkerThread "GC Thread#2"                     [id=13548, stack(0x00000035c8300000,0x00000035c8400000) (1024K)]
  0x000001a04b4e8c40 WorkerThread "GC Thread#3"                     [id=13888, stack(0x00000035c8400000,0x00000035c8500000) (1024K)]
  0x000001a04b4e8ff0 WorkerThread "GC Thread#4"                     [id=15692, stack(0x00000035c8500000,0x00000035c8600000) (1024K)]
  0x000001a04b4e93a0 WorkerThread "GC Thread#5"                     [id=12416, stack(0x00000035c8600000,0x00000035c8700000) (1024K)]
  0x000001a04b9b9df0 WorkerThread "GC Thread#6"                     [id=17348, stack(0x00000035c8900000,0x00000035c8a00000) (1024K)]
  0x000001a04b99eaa0 WorkerThread "GC Thread#7"                     [id=10488, stack(0x00000035c8a00000,0x00000035c8b00000) (1024K)]
  0x000001a07524fc50 ConcurrentGCThread "G1 Main Marker"            [id=8312, stack(0x00000035c6f00000,0x00000035c7000000) (1024K)]
  0x000001a075250670 WorkerThread "G1 Conc#0"                       [id=13476, stack(0x00000035c7000000,0x00000035c7100000) (1024K)]
  0x000001a04bf006f0 WorkerThread "G1 Conc#1"                       [id=15600, stack(0x00000035c8700000,0x00000035c8800000) (1024K)]
  0x000001a07529eb10 ConcurrentGCThread "G1 Refine#0"               [id=15344, stack(0x00000035c7100000,0x00000035c7200000) (1024K)]
  0x000001a0056c2bc0 ConcurrentGCThread "G1 Service"                [id=13720, stack(0x00000035c7200000,0x00000035c7300000) (1024K)]
Total: 15

Threads with active compile tasks:
Total: 0

VM state: at safepoint (normal execution)

VM Mutex/Monitor currently owned by a thread:  ([mutex/lock_event])
[0x00007ffdd7dacb80] Threads_lock - owner thread: 0x000001a005805b90
[0x00007ffdd7dacc80] Heap_lock - owner thread: 0x000001a07524fc50

Heap address: 0x0000000083400000, size: 1996 MB, Compressed Oops mode: 32-bit

CDS archive(s) mapped at: [0x000001a006000000-0x000001a006c60000-0x000001a006c60000), size 12976128, SharedBaseAddress: 0x000001a006000000, ArchiveRelocationMode: 1.
Compressed class space mapped at: 0x000001a007000000-0x000001a047000000, reserved size: 1073741824
Narrow klass base: 0x000001a006000000, Narrow klass shift: 0, Narrow klass range: 0x41000000

GC Precious Log:
 CardTable entry size: 512
 Card Set container configuration: InlinePtr #cards 5 size 8 Array Of Cards #cards 12 size 40 Howl #buckets 4 coarsen threshold 1843 Howl Bitmap #cards 512 size 80 coarsen threshold 460 Card regions per heap region 1 cards per card region 2048
 CPUs: 8 total, 8 available
 Memory: 7976M
 Large Page Support: Disabled
 NUMA Support: Disabled
 Compressed Oops: Enabled (32-bit)
 Heap Region Size: 1M
 Heap Min Capacity: 8M
 Heap Initial Capacity: 126M
 Heap Max Capacity: 1996M
 Pre-touch: Disabled
 Parallel Workers: 8
 Concurrent Workers: 2
 Concurrent Refinement Workers: 8
 Periodic GC: Disabled

Heap:
 garbage-first heap   total reserved 2043904K, committed 75776K, used 34800K [0x0000000083400000, 0x0000000100000000)
  region size 1024K, 2 young (2048K), 1 survivors (1024K)
 Metaspace       used 56777K, committed 58048K, reserved 1114112K
  class space    used 7859K, committed 8192K, reserved 1048576K

Heap Regions: E=young(eden), S=young(survivor), O=old, HS=humongous(starts), HC=humongous(continues), CS=collection set, F=free, TAMS=top-at-mark-start, PB=parsable bottom
|   0|0x0000000083400000, 0x0000000083500000, 0x0000000083500000|100%|HS|  |TAMS 0x0000000083500000| PB 0x0000000083400000| Complete |  0
|   1|0x0000000083500000, 0x0000000083600000, 0x0000000083600000|100%| O|  |TAMS 0x0000000083600000| PB 0x0000000083500000| Untracked |  0
|   2|0x0000000083600000, 0x00000000836ffff0, 0x0000000083700000| 99%| O|  |TAMS 0x00000000836ffff0| PB 0x0000000083600000| Untracked |  0
|   3|0x0000000083700000, 0x00000000837ffff0, 0x0000000083800000| 99%| O|  |TAMS 0x00000000837ffff0| PB 0x0000000083700000| Untracked |  0
|   4|0x0000000083800000, 0x0000000083900000, 0x0000000083900000|100%| O|  |TAMS 0x0000000083900000| PB 0x0000000083800000| Untracked |  0
|   5|0x0000000083900000, 0x00000000839ffff8, 0x0000000083a00000| 99%| O|  |TAMS 0x00000000839ffff8| PB 0x0000000083900000| Untracked |  0
|   6|0x0000000083a00000, 0x0000000083b00000, 0x0000000083b00000|100%| O|  |TAMS 0x0000000083b00000| PB 0x0000000083a00000| Untracked |  0
|   7|0x0000000083b00000, 0x0000000083bffff8, 0x0000000083c00000| 99%| O|  |TAMS 0x0000000083bffff8| PB 0x0000000083b00000| Untracked |  0
|   8|0x0000000083c00000, 0x0000000083cfffe8, 0x0000000083d00000| 99%| O|  |TAMS 0x0000000083cfffe8| PB 0x0000000083c00000| Untracked |  0
|   9|0x0000000083d00000, 0x0000000083dfffc8, 0x0000000083e00000| 99%| O|  |TAMS 0x0000000083dfffc8| PB 0x0000000083d00000| Untracked |  0
|  10|0x0000000083e00000, 0x0000000083efffe0, 0x0000000083f00000| 99%| O|  |TAMS 0x0000000083efffe0| PB 0x0000000083e00000| Untracked |  0
|  11|0x0000000083f00000, 0x0000000083ff5d50, 0x0000000084000000| 96%| O|  |TAMS 0x0000000083ff5d50| PB 0x0000000083f00000| Untracked |  0
|  12|0x0000000084000000, 0x00000000840fffa8, 0x0000000084100000| 99%| O|  |TAMS 0x00000000840fffa8| PB 0x0000000084000000| Untracked |  0
|  13|0x0000000084100000, 0x00000000841ffff8, 0x0000000084200000| 99%| O|  |TAMS 0x00000000841ffff8| PB 0x0000000084100000| Untracked |  0
|  14|0x0000000084200000, 0x00000000842ffff8, 0x0000000084300000| 99%| O|  |TAMS 0x00000000842ffff8| PB 0x0000000084200000| Untracked |  0
|  15|0x0000000084300000, 0x00000000843fe940, 0x0000000084400000| 99%| O|  |TAMS 0x00000000843fe940| PB 0x0000000084300000| Untracked |  0
|  16|0x0000000084400000, 0x00000000844f49e8, 0x0000000084500000| 95%| O|  |TAMS 0x00000000844f49e8| PB 0x0000000084400000| Untracked |  0
|  17|0x0000000084500000, 0x00000000845ffff8, 0x0000000084600000| 99%| O|  |TAMS 0x00000000845ffff8| PB 0x0000000084500000| Untracked |  0
|  18|0x0000000084600000, 0x00000000846fb478, 0x0000000084700000| 98%| O|  |TAMS 0x00000000846fb478| PB 0x0000000084600000| Untracked |  0
|  19|0x0000000084700000, 0x00000000847ffff8, 0x0000000084800000| 99%| O|  |TAMS 0x00000000847ffff8| PB 0x0000000084700000| Untracked |  0
|  20|0x0000000084800000, 0x0000000084900000, 0x0000000084900000|100%| O|  |TAMS 0x0000000084900000| PB 0x0000000084800000| Untracked |  0
|  21|0x0000000084900000, 0x0000000084a00000, 0x0000000084a00000|100%| O|  |TAMS 0x0000000084a00000| PB 0x0000000084900000| Untracked |  0
|  22|0x0000000084a00000, 0x0000000084a85888, 0x0000000084b00000| 52%| O|  |TAMS 0x0000000084a85888| PB 0x0000000084a00000| Untracked |  0
|  23|0x0000000084b00000, 0x0000000084c00000, 0x0000000084c00000|100%| O|  |TAMS 0x0000000084c00000| PB 0x0000000084b00000| Untracked |  0
|  24|0x0000000084c00000, 0x0000000084c00000, 0x0000000084d00000|  0%| F|  |TAMS 0x0000000084c00000| PB 0x0000000084c00000| Untracked |  0
|  25|0x0000000084d00000, 0x0000000084e00000, 0x0000000084e00000|100%| O|  |TAMS 0x0000000084e00000| PB 0x0000000084d00000| Untracked |  0
|  26|0x0000000084e00000, 0x0000000084f00000, 0x0000000084f00000|100%| O|  |TAMS 0x0000000084f00000| PB 0x0000000084e00000| Untracked |  0
|  27|0x0000000084f00000, 0x0000000085000000, 0x0000000085000000|100%| O|  |TAMS 0x0000000085000000| PB 0x0000000084f00000| Untracked |  0
|  28|0x0000000085000000, 0x0000000085100000, 0x0000000085100000|100%| O|  |TAMS 0x0000000085100000| PB 0x0000000085000000| Untracked |  0
|  29|0x0000000085100000, 0x0000000085200000, 0x0000000085200000|100%| O|  |TAMS 0x0000000085200000| PB 0x0000000085100000| Untracked |  0
|  30|0x0000000085200000, 0x0000000085300000, 0x0000000085300000|100%| O|  |TAMS 0x0000000085300000| PB 0x0000000085200000| Untracked |  0
|  31|0x0000000085300000, 0x0000000085400000, 0x0000000085400000|100%| O|  |TAMS 0x0000000085400000| PB 0x0000000085300000| Untracked |  0
|  32|0x0000000085400000, 0x0000000085500000, 0x0000000085500000|100%| O|  |TAMS 0x0000000085500000| PB 0x0000000085400000| Untracked |  0
|  33|0x0000000085500000, 0x0000000085500000, 0x0000000085600000|  0%| F|  |TAMS 0x0000000085500000| PB 0x0000000085500000| Untracked |  0
|  34|0x0000000085600000, 0x0000000085600000, 0x0000000085700000|  0%| F|  |TAMS 0x0000000085600000| PB 0x0000000085600000| Untracked |  0
|  35|0x0000000085700000, 0x0000000085700000, 0x0000000085800000|  0%| F|  |TAMS 0x0000000085700000| PB 0x0000000085700000| Untracked |  0
|  36|0x0000000085800000, 0x0000000085800000, 0x0000000085900000|  0%| F|  |TAMS 0x0000000085800000| PB 0x0000000085800000| Untracked |  0
|  37|0x0000000085900000, 0x0000000085900000, 0x0000000085a00000|  0%| F|  |TAMS 0x0000000085900000| PB 0x0000000085900000| Untracked |  0
|  38|0x0000000085a00000, 0x0000000085b00000, 0x0000000085b00000|100%| O|  |TAMS 0x0000000085b00000| PB 0x0000000085a00000| Untracked |  0
|  39|0x0000000085b00000, 0x0000000085c00000, 0x0000000085c00000|100%| O|  |TAMS 0x0000000085c00000| PB 0x0000000085b00000| Untracked |  0
|  40|0x0000000085c00000, 0x0000000085c00000, 0x0000000085d00000|  0%| F|  |TAMS 0x0000000085c00000| PB 0x0000000085c00000| Untracked |  0
|  41|0x0000000085d00000, 0x0000000085d00000, 0x0000000085e00000|  0%| F|  |TAMS 0x0000000085d00000| PB 0x0000000085d00000| Untracked |  0
|  42|0x0000000085e00000, 0x0000000085e00000, 0x0000000085f00000|  0%| F|  |TAMS 0x0000000085e00000| PB 0x0000000085e00000| Untracked |  0
|  43|0x0000000085f00000, 0x0000000085f00000, 0x0000000086000000|  0%| F|  |TAMS 0x0000000085f00000| PB 0x0000000085f00000| Untracked |  0
|  44|0x0000000086000000, 0x0000000086000000, 0x0000000086100000|  0%| F|  |TAMS 0x0000000086000000| PB 0x0000000086000000| Untracked |  0
|  45|0x0000000086100000, 0x0000000086100000, 0x0000000086200000|  0%| F|  |TAMS 0x0000000086100000| PB 0x0000000086100000| Untracked |  0
|  46|0x0000000086200000, 0x0000000086292750, 0x0000000086300000| 57%| S|CS|TAMS 0x0000000086200000| PB 0x0000000086200000| Complete |  0
|  47|0x0000000086300000, 0x0000000086300000, 0x0000000086400000|  0%| F|  |TAMS 0x0000000086300000| PB 0x0000000086300000| Untracked |  0
|  48|0x0000000086400000, 0x0000000086400000, 0x0000000086500000|  0%| F|  |TAMS 0x0000000086400000| PB 0x0000000086400000| Untracked |  0
|  49|0x0000000086500000, 0x0000000086500000, 0x0000000086600000|  0%| F|  |TAMS 0x0000000086500000| PB 0x0000000086500000| Untracked |  0
|  50|0x0000000086600000, 0x0000000086600000, 0x0000000086700000|  0%| F|  |TAMS 0x0000000086600000| PB 0x0000000086600000| Untracked |  0
|  51|0x0000000086700000, 0x0000000086700000, 0x0000000086800000|  0%| F|  |TAMS 0x0000000086700000| PB 0x0000000086700000| Untracked |  0
|  52|0x0000000086800000, 0x0000000086800000, 0x0000000086900000|  0%| F|  |TAMS 0x0000000086800000| PB 0x0000000086800000| Untracked |  0
|  53|0x0000000086900000, 0x0000000086900000, 0x0000000086a00000|  0%| F|  |TAMS 0x0000000086900000| PB 0x0000000086900000| Untracked |  0
|  54|0x0000000086a00000, 0x0000000086a00000, 0x0000000086b00000|  0%| F|  |TAMS 0x0000000086a00000| PB 0x0000000086a00000| Untracked |  0
|  55|0x0000000086b00000, 0x0000000086b00000, 0x0000000086c00000|  0%| F|  |TAMS 0x0000000086b00000| PB 0x0000000086b00000| Untracked |  0
|  56|0x0000000086c00000, 0x0000000086c00000, 0x0000000086d00000|  0%| F|  |TAMS 0x0000000086c00000| PB 0x0000000086c00000| Untracked |  0
|  57|0x0000000086d00000, 0x0000000086d00000, 0x0000000086e00000|  0%| F|  |TAMS 0x0000000086d00000| PB 0x0000000086d00000| Untracked |  0
|  58|0x0000000086e00000, 0x0000000086e00000, 0x0000000086f00000|  0%| F|  |TAMS 0x0000000086e00000| PB 0x0000000086e00000| Untracked |  0
|  59|0x0000000086f00000, 0x0000000086f00000, 0x0000000087000000|  0%| F|  |TAMS 0x0000000086f00000| PB 0x0000000086f00000| Untracked |  0
|  60|0x0000000087000000, 0x0000000087000000, 0x0000000087100000|  0%| F|  |TAMS 0x0000000087000000| PB 0x0000000087000000| Untracked |  0
|  61|0x0000000087100000, 0x0000000087100000, 0x0000000087200000|  0%| F|  |TAMS 0x0000000087100000| PB 0x0000000087100000| Untracked |  0
|  62|0x0000000087200000, 0x0000000087200000, 0x0000000087300000|  0%| F|  |TAMS 0x0000000087200000| PB 0x0000000087200000| Untracked |  0
|  63|0x0000000087300000, 0x0000000087300000, 0x0000000087400000|  0%| F|  |TAMS 0x0000000087300000| PB 0x0000000087300000| Untracked |  0
|  64|0x0000000087400000, 0x0000000087400000, 0x0000000087500000|  0%| F|  |TAMS 0x0000000087400000| PB 0x0000000087400000| Untracked |  0
|  65|0x0000000087500000, 0x0000000087500000, 0x0000000087600000|  0%| F|  |TAMS 0x0000000087500000| PB 0x0000000087500000| Untracked |  0
|  66|0x0000000087600000, 0x0000000087600000, 0x0000000087700000|  0%| F|  |TAMS 0x0000000087600000| PB 0x0000000087600000| Untracked |  0
|  67|0x0000000087700000, 0x0000000087700000, 0x0000000087800000|  0%| F|  |TAMS 0x0000000087700000| PB 0x0000000087700000| Untracked |  0
|  68|0x0000000087800000, 0x0000000087800000, 0x0000000087900000|  0%| F|  |TAMS 0x0000000087800000| PB 0x0000000087800000| Untracked |  0
|  69|0x0000000087900000, 0x0000000087900000, 0x0000000087a00000|  0%| F|  |TAMS 0x0000000087900000| PB 0x0000000087900000| Untracked |  0
|  70|0x0000000087a00000, 0x0000000087a00000, 0x0000000087b00000|  0%| F|  |TAMS 0x0000000087a00000| PB 0x0000000087a00000| Untracked |  0
|  71|0x0000000087b00000, 0x0000000087b00000, 0x0000000087c00000|  0%| F|  |TAMS 0x0000000087b00000| PB 0x0000000087b00000| Untracked |  0
|  72|0x0000000087c00000, 0x0000000087c00000, 0x0000000087d00000|  0%| F|  |TAMS 0x0000000087c00000| PB 0x0000000087c00000| Untracked |  0
|  73|0x0000000087d00000, 0x0000000087d240e8, 0x0000000087e00000| 14%| E|  |TAMS 0x0000000087d00000| PB 0x0000000087d00000| Complete |  0

Card table byte_map: [0x000001a07da30000,0x000001a07de20000] _byte_map_base: 0x000001a07d616000

Marking Bits: (CMBitMap*) 0x000001a07523f9f0
 Bits: [0x000001a07de20000, 0x000001a07fd50000)

Polling page: 0x000001a073150000

Metaspace:

Usage:
  Non-class:     47.77 MB used.
      Class:      7.67 MB used.
       Both:     55.45 MB used.

Virtual space:
  Non-class space:       64.00 MB reserved,      48.69 MB ( 76%) committed,  1 nodes.
      Class space:        1.00 GB reserved,       8.00 MB ( <1%) committed,  1 nodes.
             Both:        1.06 GB reserved,      56.69 MB (  5%) committed. 

Chunk freelists:
   Non-Class:  15.57 MB
       Class:  8.09 MB
        Both:  23.65 MB

MaxMetaspaceSize: unlimited
CompressedClassSpaceSize: 1.00 GB
Initial GC threshold: 21.00 MB
Current GC threshold: 94.50 MB
CDS: on
 - commit_granule_bytes: 65536.
 - commit_granule_words: 8192.
 - virtual_space_node_default_size: 8388608.
 - enlarge_chunks_in_place: 1.
 - use_allocation_guard: 0.


Internal statistics:

num_allocs_failed_limit: 3.
num_arena_births: 1432.
num_arena_deaths: 812.
num_vsnodes_births: 2.
num_vsnodes_deaths: 0.
num_space_committed: 908.
num_space_uncommitted: 1.
num_chunks_returned_to_freelist: 1082.
num_chunks_taken_from_freelist: 3858.
num_chunk_merges: 180.
num_chunk_splits: 2275.
num_chunks_enlarged: 1675.
num_inconsistent_stats: 0.

CodeCache: size=49152Kb used=10644Kb max_used=11719Kb free=38507Kb
 bounds [0x000001a000000000, 0x000001a000c90000, 0x000001a003000000]
 total_blobs=5895 nmethods=5223 adapters=596
 compilation: enabled
              stopped_count=0, restarted_count=0
 full_count=0

Compilation events (20 events):
Event: 1337.715 Thread 0x000001a005831110 8660       1       java.util.Comparator::lambda$comparingLong$6043328a$1 (18 bytes)
Event: 1337.715 Thread 0x000001a005831110 nmethod 8660 0x000001a0009c4210 code [0x000001a0009c43c0, 0x000001a0009c4568]
Event: 1337.715 Thread 0x000001a005831110 8661       1       org.apache.catalina.core.StandardWrapper::backgroundProcess (38 bytes)
Event: 1337.715 Thread 0x000001a005831110 nmethod 8661 0x000001a0009c3d10 code [0x000001a0009c3ec0, 0x000001a0009c40e0]
Event: 1337.715 Thread 0x000001a005831110 8658       1       org.apache.catalina.core.StandardContext::getReloadable (5 bytes)
Event: 1337.715 Thread 0x000001a005831110 nmethod 8658 0x000001a000955c90 code [0x000001a000955e20, 0x000001a000955ef0]
Event: 1357.723 Thread 0x000001a005831110 8662       1       org.apache.catalina.core.ContainerBase::getBackgroundProcessorDelay (5 bytes)
Event: 1357.723 Thread 0x000001a005831110 nmethod 8662 0x000001a000966090 code [0x000001a000966220, 0x000001a0009662e8]
Event: 1477.964 Thread 0x000001a005831110 8663       1       org.apache.catalina.valves.ValveBase::backgroundProcess (1 bytes)
Event: 1477.964 Thread 0x000001a005831110 nmethod 8663 0x000001a000966b10 code [0x000001a000966ca0, 0x000001a000966d68]
Event: 1538.023 Thread 0x000001a005831110 8664       1       org.apache.catalina.core.StandardPipeline::getFirst (17 bytes)
Event: 1538.024 Thread 0x000001a005831110 nmethod 8664 0x000001a00097dd90 code [0x000001a00097df20, 0x000001a00097e020]
Event: 1548.038 Thread 0x000001a005831110 8666   !   1       org.apache.catalina.core.ContainerBase::backgroundProcess (168 bytes)
Event: 1548.038 Thread 0x000001a005831110 nmethod 8666 0x000001a0009c2b10 code [0x000001a0009c2da0, 0x000001a0009c3740]
Event: 1548.038 Thread 0x000001a005831110 8665   !   1       org.apache.catalina.core.ContainerBase$ContainerBackgroundProcessor::processChildren (202 bytes)
Event: 1548.039 Thread 0x000001a005831110 nmethod 8665 0x000001a0009c0a10 code [0x000001a0009c0d40, 0x000001a0009c1f40]
Event: 1608.092 Thread 0x000001a005831110 8667       1       org.apache.catalina.webresources.Cache$$Lambda/0x000001a0076ab3c0::applyAsLong (8 bytes)
Event: 1608.092 Thread 0x000001a005831110 nmethod 8667 0x000001a000a37510 code [0x000001a000a376a0, 0x000001a000a377b0]
Event: 1608.092 Thread 0x000001a005831110 8668       1       org.apache.catalina.webresources.CachedResource::getNextCheck (5 bytes)
Event: 1608.093 Thread 0x000001a005831110 nmethod 8668 0x000001a000988810 code [0x000001a0009889a0, 0x000001a000988a70]

GC Heap History (20 events):
Event: 892.251 GC heap before
{Heap before GC invocations=42 (full 4):
 garbage-first heap   total reserved 2043904K, committed 73728K, used 56012K [0x0000000083400000, 0x0000000100000000)
  region size 1024K, 35 young (35840K), 3 survivors (3072K)
 Metaspace       used 57217K, committed 57856K, reserved 1114112K
  class space    used 7915K, committed 8192K, reserved 1048576K
}
Event: 892.257 GC heap after
{Heap after GC invocations=43 (full 4):
 garbage-first heap   total reserved 2043904K, committed 73728K, used 33912K [0x0000000083400000, 0x0000000100000000)
  region size 1024K, 5 young (5120K), 5 survivors (5120K)
 Metaspace       used 57217K, committed 57856K, reserved 1114112K
  class space    used 7915K, committed 8192K, reserved 1048576K
}
Event: 998.071 GC heap before
{Heap before GC invocations=43 (full 4):
 garbage-first heap   total reserved 2043904K, committed 73728K, used 55416K [0x0000000083400000, 0x0000000100000000)
  region size 1024K, 26 young (26624K), 5 survivors (5120K)
 Metaspace       used 57285K, committed 57920K, reserved 1114112K
  class space    used 7919K, committed 8192K, reserved 1048576K
}
Event: 998.076 GC heap after
{Heap after GC invocations=44 (full 4):
 garbage-first heap   total reserved 2043904K, committed 108544K, used 35155K [0x0000000083400000, 0x0000000100000000)
  region size 1024K, 1 young (1024K), 1 survivors (1024K)
 Metaspace       used 57285K, committed 57920K, reserved 1114112K
  class space    used 7919K, committed 8192K, reserved 1048576K
}
Event: 1275.016 GC heap before
{Heap before GC invocations=44 (full 4):
 garbage-first heap   total reserved 2043904K, committed 108544K, used 69971K [0x0000000083400000, 0x0000000100000000)
  region size 1024K, 36 young (36864K), 1 survivors (1024K)
 Metaspace       used 57521K, committed 58112K, reserved 1114112K
  class space    used 7957K, committed 8192K, reserved 1048576K
}
Event: 1275.434 GC heap after
{Heap after GC invocations=45 (full 5):
 garbage-first heap   total reserved 2043904K, committed 75776K, used 19561K [0x0000000083400000, 0x0000000100000000)
  region size 1024K, 0 young (0K), 0 survivors (0K)
 Metaspace       used 56756K, committed 58048K, reserved 1114112K
  class space    used 7852K, committed 8192K, reserved 1048576K
}
Event: 1277.083 GC heap before
{Heap before GC invocations=45 (full 5):
 garbage-first heap   total reserved 2043904K, committed 75776K, used 54377K [0x0000000083400000, 0x0000000100000000)
  region size 1024K, 35 young (35840K), 0 survivors (0K)
 Metaspace       used 56908K, committed 58048K, reserved 1114112K
  class space    used 7887K, committed 8192K, reserved 1048576K
}
Event: 1277.094 GC heap after
{Heap after GC invocations=46 (full 5):
 garbage-first heap   total reserved 2043904K, committed 75776K, used 23140K [0x0000000083400000, 0x0000000100000000)
  region size 1024K, 4 young (4096K), 4 survivors (4096K)
 Metaspace       used 56908K, committed 58048K, reserved 1114112K
  class space    used 7887K, committed 8192K, reserved 1048576K
}
Event: 1278.848 GC heap before
{Heap before GC invocations=47 (full 5):
 garbage-first heap   total reserved 2043904K, committed 75776K, used 57956K [0x0000000083400000, 0x0000000100000000)
  region size 1024K, 38 young (38912K), 4 survivors (4096K)
 Metaspace       used 57027K, committed 58048K, reserved 1114112K
  class space    used 7910K, committed 8192K, reserved 1048576K
}
Event: 1278.868 GC heap after
{Heap after GC invocations=48 (full 5):
 garbage-first heap   total reserved 2043904K, committed 75776K, used 33661K [0x0000000083400000, 0x0000000100000000)
  region size 1024K, 5 young (5120K), 5 survivors (5120K)
 Metaspace       used 57027K, committed 58048K, reserved 1114112K
  class space    used 7910K, committed 8192K, reserved 1048576K
}
Event: 1286.781 GC heap before
{Heap before GC invocations=48 (full 5):
 garbage-first heap   total reserved 2043904K, committed 75776K, used 44925K [0x0000000083400000, 0x0000000100000000)
  region size 1024K, 17 young (17408K), 5 survivors (5120K)
 Metaspace       used 57103K, committed 58048K, reserved 1114112K
  class space    used 7915K, committed 8192K, reserved 1048576K
}
Event: 1286.834 GC heap after
{Heap after GC invocations=49 (full 6):
 garbage-first heap   total reserved 2043904K, committed 75776K, used 21177K [0x0000000083400000, 0x0000000100000000)
  region size 1024K, 0 young (0K), 0 survivors (0K)
 Metaspace       used 56854K, committed 58048K, reserved 1114112K
  class space    used 7879K, committed 8192K, reserved 1048576K
}
Event: 1287.573 GC heap before
{Heap before GC invocations=49 (full 6):
 garbage-first heap   total reserved 2043904K, committed 75776K, used 53945K [0x0000000083400000, 0x0000000100000000)
  region size 1024K, 33 young (33792K), 0 survivors (0K)
 Metaspace       used 56929K, committed 58048K, reserved 1114112K
  class space    used 7893K, committed 8192K, reserved 1048576K
}
Event: 1287.577 GC heap after
{Heap after GC invocations=50 (full 6):
 garbage-first heap   total reserved 2043904K, committed 75776K, used 24195K [0x0000000083400000, 0x0000000100000000)
  region size 1024K, 3 young (3072K), 3 survivors (3072K)
 Metaspace       used 56929K, committed 58048K, reserved 1114112K
  class space    used 7893K, committed 8192K, reserved 1048576K
}
Event: 1288.137 GC heap before
{Heap before GC invocations=51 (full 6):
 garbage-first heap   total reserved 2043904K, committed 75776K, used 57987K [0x0000000083400000, 0x0000000100000000)
  region size 1024K, 36 young (36864K), 3 survivors (3072K)
 Metaspace       used 56983K, committed 58048K, reserved 1114112K
  class space    used 7900K, committed 8192K, reserved 1048576K
}
Event: 1288.148 GC heap after
{Heap after GC invocations=52 (full 6):
 garbage-first heap   total reserved 2043904K, committed 75776K, used 33788K [0x0000000083400000, 0x0000000100000000)
  region size 1024K, 5 young (5120K), 5 survivors (5120K)
 Metaspace       used 56983K, committed 58048K, reserved 1114112K
  class space    used 7900K, committed 8192K, reserved 1048576K
}
Event: 1431.557 GC heap before
{Heap before GC invocations=52 (full 6):
 garbage-first heap   total reserved 2043904K, committed 75776K, used 58364K [0x0000000083400000, 0x0000000100000000)
  region size 1024K, 29 young (29696K), 5 survivors (5120K)
 Metaspace       used 57051K, committed 58048K, reserved 1114112K
  class space    used 7903K, committed 8192K, reserved 1048576K
}
Event: 1431.561 GC heap after
{Heap after GC invocations=53 (full 6):
 garbage-first heap   total reserved 2043904K, committed 75776K, used 35218K [0x0000000083400000, 0x0000000100000000)
  region size 1024K, 1 young (1024K), 1 survivors (1024K)
 Metaspace       used 57051K, committed 58048K, reserved 1114112K
  class space    used 7903K, committed 8192K, reserved 1048576K
}
Event: 1660.297 GC heap before
{Heap before GC invocations=53 (full 6):
 garbage-first heap   total reserved 2043904K, committed 75776K, used 61842K [0x0000000083400000, 0x0000000100000000)
  region size 1024K, 27 young (27648K), 1 survivors (1024K)
 Metaspace       used 57051K, committed 58048K, reserved 1114112K
  class space    used 7903K, committed 8192K, reserved 1048576K
}
Event: 1660.299 GC heap after
{Heap after GC invocations=54 (full 6):
 garbage-first heap   total reserved 2043904K, committed 75776K, used 34800K [0x0000000083400000, 0x0000000100000000)
  region size 1024K, 1 young (1024K), 1 survivors (1024K)
 Metaspace       used 57051K, committed 58048K, reserved 1114112K
  class space    used 7903K, committed 8192K, reserved 1048576K
}

Dll operation events (11 events):
Event: 0.008 Loaded shared library C:\Program Files\Java\jdk-22\bin\java.dll
Event: 0.166 Loaded shared library C:\Program Files\Java\jdk-22\bin\net.dll
Event: 0.168 Loaded shared library C:\Program Files\Java\jdk-22\bin\nio.dll
Event: 0.177 Loaded shared library C:\Program Files\Java\jdk-22\bin\zip.dll
Event: 0.291 Loaded shared library C:\Program Files\Java\jdk-22\bin\jimage.dll
Event: 0.700 Loaded shared library C:\Program Files\Java\jdk-22\bin\management.dll
Event: 0.706 Loaded shared library C:\Program Files\Java\jdk-22\bin\management_ext.dll
Event: 1.375 Loaded shared library C:\Program Files\Java\jdk-22\bin\le.dll
Event: 3.373 Loaded shared library C:\Program Files\Java\jdk-22\bin\sunmscapi.dll
Event: 4.292 Loaded shared library C:\Program Files\Java\jdk-22\bin\verify.dll
Event: 6.120 Loaded shared library C:\Program Files\Java\jdk-22\bin\extnet.dll

Deoptimization events (6 events):
Event: 3.693 Thread 0x000001a005a805d0 DEOPT PACKING pc=0x000001a00054e494 sp=0x00000035c7eff440
Event: 3.693 Thread 0x000001a005a805d0 DEOPT UNPACKING pc=0x000001a000054e42 sp=0x00000035c7efe988 mode 0
Event: 5.946 Thread 0x000001a04b433f60 DEOPT PACKING pc=0x000001a000556fb9 sp=0x00000035c81fdad0
Event: 5.946 Thread 0x000001a04b433f60 DEOPT UNPACKING pc=0x000001a000054e42 sp=0x00000035c81fcfd8 mode 3
Event: 5.947 Thread 0x000001a04b433f60 DEOPT PACKING pc=0x000001a000550682 sp=0x00000035c81fda90
Event: 5.947 Thread 0x000001a04b433f60 DEOPT UNPACKING pc=0x000001a000054e42 sp=0x00000035c81fcfd8 mode 3

Classes loaded (20 events):
Event: 568.659 Loading class java/util/AbstractMap$ValueIterator
Event: 568.659 Loading class java/util/AbstractMap$ValueIterator done
Event: 568.954 Loading class java/lang/ref/Finalizer$2
Event: 568.954 Loading class java/lang/ref/Finalizer$2 done
Event: 568.954 Loading class java/lang/ref/Finalizer$1
Event: 568.954 Loading class java/lang/ref/Finalizer$1 done
Event: 569.496 Loading class java/util/WeakHashMap$EntrySet
Event: 569.497 Loading class java/util/WeakHashMap$EntrySet done
Event: 569.497 Loading class java/util/WeakHashMap$EntryIterator
Event: 569.497 Loading class java/util/WeakHashMap$EntryIterator done
Event: 569.996 Loading class java/time/DurationEditor
Event: 569.996 Loading class java/time/DurationEditor done
Event: 859.050 Loading class java/time/DurationEditor
Event: 859.051 Loading class java/time/DurationEditor done
Event: 1203.729 Loading class java/io/FileOutputStream$1
Event: 1203.730 Loading class java/io/FileOutputStream$1 done
Event: 1278.694 Loading class java/time/DurationEditor
Event: 1278.694 Loading class java/time/DurationEditor done
Event: 1287.365 Loading class java/lang/invoke/MethodHandleImpl$CountingWrapper$1
Event: 1287.365 Loading class java/lang/invoke/MethodHandleImpl$CountingWrapper$1 done

Classes unloaded (20 events):
Event: 1660.340 Thread 0x000001a005805b90 Unloading class 0x000001a0077f2430 'com/example/service/TextExtractorService'
Event: 1660.340 Thread 0x000001a005805b90 Unloading class 0x000001a0077f2218 'com/example/service/SearchHistoryService'
Event: 1660.340 Thread 0x000001a005805b90 Unloading class 0x000001a0077f2000 'com/example/service/InvertedIndexService'
Event: 1660.340 Thread 0x000001a005805b90 Unloading class 0x000001a0077f1c80 'com/example/service/FrequencyService'
Event: 1660.340 Thread 0x000001a005805b90 Unloading class 0x000001a0077f1a40 'com/example/service/CsvService'
Event: 1660.340 Thread 0x000001a005805b90 Unloading class 0x000001a0077f1830 'com/example/service/BestPlanService'
Event: 1660.340 Thread 0x000001a005805b90 Unloading class 0x000001a0077f1628 'com/example/GreetingController'
Event: 1660.340 Thread 0x000001a005805b90 Unloading class 0x000001a0077f1420 'com/example/controller/WebCrawlerController'
Event: 1660.340 Thread 0x000001a005805b90 Unloading class 0x000001a0077f1210 'com/example/controller/TextExtractorController'
Event: 1660.340 Thread 0x000001a005805b90 Unloading class 0x000001a0077f1000 'com/example/controller/StreamingServiceController'
Event: 1660.340 Thread 0x000001a005805b90 Unloading class 0x000001a0077fa418 'com/example/controller/PageRankController'
Event: 1660.340 Thread 0x000001a005805b90 Unloading class 0x000001a0077fa210 'com/example/controller/MyCorsFilter'
Event: 1660.340 Thread 0x000001a005805b90 Unloading class 0x000001a0077fa000 'com/example/controller/InvertedIndexController'
Event: 1660.340 Thread 0x000001a005805b90 Unloading class 0x000001a007804418 'com/example/controller/FrequencyController'
Event: 1660.340 Thread 0x000001a005805b90 Unloading class 0x000001a007804200 'com/example/controller/CsvController'
Event: 1660.340 Thread 0x000001a005805b90 Unloading class 0x000001a007804000 'com/example/FinalProjectApplication'
Event: 1660.340 Thread 0x000001a005805b90 Unloading class 0x000001a00780cc00 'java/lang/invoke/LambdaForm$MH+0x000001a00780cc00'
Event: 1660.340 Thread 0x000001a005805b90 Unloading class 0x000001a00780c400 'java/lang/invoke/LambdaForm$MH+0x000001a00780c400'
Event: 1660.340 Thread 0x000001a005805b90 Unloading class 0x000001a00780c000 'java/lang/invoke/LambdaForm$MH+0x000001a00780c000'
Event: 1660.340 Thread 0x000001a005805b90 Unloading class 0x000001a0077e0000 'java/lang/invoke/LambdaForm$MH+0x000001a0077e0000'

Classes redefined (0 events):
No events

Internal exceptions (20 events):
Event: 1276.706 Thread 0x000001a04d259c40 Exception <a 'java/lang/NoClassDefFoundError'{0x00000000866446b8}: liquibase/integration/spring/SpringLiquibase> (0x00000000866446b8) 
thrown [s\open\src\hotspot\share\oops\constantPool.cpp, line 872]
Event: 1276.720 Thread 0x000001a04d259c40 Exception <a 'java/lang/NoClassDefFoundError'{0x00000000866a2390}: org/jooq/DSLContext> (0x00000000866a2390) 
thrown [s\open\src\hotspot\share\oops\constantPool.cpp, line 872]
Event: 1276.721 Thread 0x000001a04d259c40 Exception <a 'java/lang/NoClassDefFoundError'{0x00000000866ac440}: org/springframework/batch/core/repository/JobRepository> (0x00000000866ac440) 
thrown [s\open\src\hotspot\share\oops\constantPool.cpp, line 872]
Event: 1276.721 Thread 0x000001a04d259c40 Exception <a 'java/lang/NoClassDefFoundError'{0x00000000866aca98}: org/quartz/Scheduler> (0x00000000866aca98) 
thrown [s\open\src\hotspot\share\oops\constantPool.cpp, line 872]
Event: 1276.721 Thread 0x000001a04d259c40 Exception <a 'java/lang/NoClassDefFoundError'{0x00000000866ad118}: org/springframework/session/jdbc/JdbcIndexedSessionRepository> (0x00000000866ad118) 
thrown [s\open\src\hotspot\share\oops\constantPool.cpp, line 872]
Event: 1276.746 Thread 0x000001a04d259c40 Exception <a 'java/lang/NoSuchMethodError'{0x0000000086540a50}: 'void java.lang.invoke.DelegatingMethodHandle$Holder.reinvoke_L(java.lang.Object, java.lang.Object, int)'> (0x0000000086540a50) 
thrown [s\open\src\hotspot\share\interpreter\linkResolver.cpp, line 774]
Event: 1276.912 Thread 0x000001a04d259c40 Exception <a 'java/lang/NoSuchMethodError'{0x00000000861ecdf0}: 'int java.lang.invoke.DirectMethodHandle$Holder.invokeVirtual(java.lang.Object, java.lang.Object, java.lang.Object, java.lang.Object)'> (0x00000000861ecdf0) 
thrown [s\open\src\hotspot\share\interpreter\linkResolver.cpp, line 774]
Event: 1276.913 Thread 0x000001a04d259c40 Exception <a 'java/lang/NoSuchMethodError'{0x00000000861f03d8}: 'int java.lang.invoke.DelegatingMethodHandle$Holder.reinvoke_L(java.lang.Object, java.lang.Object, java.lang.Object, java.lang.Object)'> (0x00000000861f03d8) 
thrown [s\open\src\hotspot\share\interpreter\linkResolver.cpp, line 774]
Event: 1276.993 Thread 0x000001a04d259c40 Exception <a 'java/io/FileNotFoundException'{0x0000000085e37b10}> (0x0000000085e37b10) 
thrown [s\open\src\hotspot\share\prims\jni.cpp, line 520]
Event: 1277.173 Thread 0x000001a04d259c40 Exception <a 'java/io/FileNotFoundException'{0x0000000087b3f380}> (0x0000000087b3f380) 
thrown [s\open\src\hotspot\share\prims\jni.cpp, line 520]
Event: 1286.584 Thread 0x000001a04d2567c0 Exception <a 'java/lang/InterruptedException'{0x00000000873b1598}: sleep interrupted> (0x00000000873b1598) 
thrown [s\open\src\hotspot\share\prims\jvm.cpp, line 3093]
Event: 1286.852 Thread 0x000001a005a23830 Exception <a 'sun/nio/fs/WindowsException'{0x0000000087d92e38}> (0x0000000087d92e38) 
thrown [s\open\src\hotspot\share\prims\jni.cpp, line 520]
Event: 1287.379 Thread 0x000001a005a23830 Exception <a 'java/lang/NoClassDefFoundError'{0x00000000868e5f18}: org/flywaydb/core/Flyway> (0x00000000868e5f18) 
thrown [s\open\src\hotspot\share\oops\constantPool.cpp, line 872]
Event: 1287.379 Thread 0x000001a005a23830 Exception <a 'java/lang/NoClassDefFoundError'{0x00000000868e6578}: liquibase/integration/spring/SpringLiquibase> (0x00000000868e6578) 
thrown [s\open\src\hotspot\share\oops\constantPool.cpp, line 872]
Event: 1287.387 Thread 0x000001a005a23830 Exception <a 'java/lang/NoClassDefFoundError'{0x0000000086734da0}: org/jooq/DSLContext> (0x0000000086734da0) 
thrown [s\open\src\hotspot\share\oops\constantPool.cpp, line 872]
Event: 1287.387 Thread 0x000001a005a23830 Exception <a 'java/lang/NoClassDefFoundError'{0x000000008673ee50}: org/springframework/batch/core/repository/JobRepository> (0x000000008673ee50) 
thrown [s\open\src\hotspot\share\oops\constantPool.cpp, line 872]
Event: 1287.388 Thread 0x000001a005a23830 Exception <a 'java/lang/NoClassDefFoundError'{0x000000008673f4a8}: org/quartz/Scheduler> (0x000000008673f4a8) 
thrown [s\open\src\hotspot\share\oops\constantPool.cpp, line 872]
Event: 1287.388 Thread 0x000001a005a23830 Exception <a 'java/lang/NoClassDefFoundError'{0x000000008673fb28}: org/springframework/session/jdbc/JdbcIndexedSessionRepository> (0x000000008673fb28) 
thrown [s\open\src\hotspot\share\oops\constantPool.cpp, line 872]
Event: 1287.509 Thread 0x000001a005a23830 Exception <a 'java/io/FileNotFoundException'{0x00000000861ca870}> (0x00000000861ca870) 
thrown [s\open\src\hotspot\share\prims\jni.cpp, line 520]
Event: 1287.656 Thread 0x000001a005a23830 Exception <a 'java/io/FileNotFoundException'{0x0000000087c926a0}> (0x0000000087c926a0) 
thrown [s\open\src\hotspot\share\prims\jni.cpp, line 520]

ZGC Phase Switch (0 events):
No events

VM Operations (20 events):
Event: 1287.664 Executing VM operation: G1PauseCleanup done
Event: 1288.137 Executing VM operation: G1CollectForAllocation (G1 Evacuation Pause)
Event: 1288.148 Executing VM operation: G1CollectForAllocation (G1 Evacuation Pause) done
Event: 1289.151 Executing VM operation: Cleanup
Event: 1289.151 Executing VM operation: Cleanup done
Event: 1323.231 Executing VM operation: HandshakeAllThreads (HandshakeForDeflation)
Event: 1323.231 Executing VM operation: HandshakeAllThreads (HandshakeForDeflation) done
Event: 1323.231 Executing VM operation: RendezvousGCThreads
Event: 1323.231 Executing VM operation: RendezvousGCThreads done
Event: 1348.451 Executing VM operation: Cleanup
Event: 1348.451 Executing VM operation: Cleanup done
Event: 1431.557 Executing VM operation: G1CollectForAllocation (G1 Evacuation Pause)
Event: 1431.561 Executing VM operation: G1CollectForAllocation (G1 Evacuation Pause) done
Event: 1558.148 Executing VM operation: Cleanup
Event: 1558.148 Executing VM operation: Cleanup done
Event: 1618.421 Executing VM operation: Cleanup
Event: 1618.421 Executing VM operation: Cleanup done
Event: 1660.297 Executing VM operation: G1CollectForAllocation (G1 Evacuation Pause)
Event: 1660.299 Executing VM operation: G1CollectForAllocation (G1 Evacuation Pause) done
Event: 1660.339 Executing VM operation: G1PauseRemark

Memory protections (0 events):
No events

Nmethod flushes (20 events):
Event: 1660.347 Thread 0x000001a005805b90 flushing  nmethod 0x000001a0009ac910
Event: 1660.347 Thread 0x000001a005805b90 flushing  nmethod 0x000001a0009acc90
Event: 1660.347 Thread 0x000001a005805b90 flushing  nmethod 0x000001a0009acf90
Event: 1660.347 Thread 0x000001a005805b90 flushing  nmethod 0x000001a0009ae090
Event: 1660.347 Thread 0x000001a005805b90 flushing  nmethod 0x000001a0009ae890
Event: 1660.347 Thread 0x000001a005805b90 flushing  nmethod 0x000001a0009aec90
Event: 1660.347 Thread 0x000001a005805b90 flushing  nmethod 0x000001a0009af490
Event: 1660.347 Thread 0x000001a005805b90 flushing  nmethod 0x000001a0005e4390
Event: 1660.347 Thread 0x000001a005805b90 flushing  nmethod 0x000001a00072e690
Event: 1660.347 Thread 0x000001a005805b90 flushing  nmethod 0x000001a00080c210
Event: 1660.347 Thread 0x000001a005805b90 flushing  nmethod 0x000001a00013b110
Event: 1660.347 Thread 0x000001a005805b90 flushing  nmethod 0x000001a00013b690
Event: 1660.347 Thread 0x000001a005805b90 flushing  nmethod 0x000001a0002ef910
Event: 1660.347 Thread 0x000001a005805b90 flushing  nmethod 0x000001a00025a610
Event: 1660.347 Thread 0x000001a005805b90 flushing  nmethod 0x000001a000671a90
Event: 1660.347 Thread 0x000001a005805b90 flushing  nmethod 0x000001a00024d610
Event: 1660.347 Thread 0x000001a005805b90 flushing  nmethod 0x000001a00030a010
Event: 1660.347 Thread 0x000001a005805b90 flushing  nmethod 0x000001a000a10e10
Event: 1660.347 Thread 0x000001a005805b90 flushing  nmethod 0x000001a0001de190
Event: 1660.347 Thread 0x000001a005805b90 flushing  nmethod 0x000001a000a8a210

Events (20 events):
Event: 1287.729 Thread 0x000001a005831110 Thread added: 0x000001a04b3f7300
Event: 1288.237 Thread 0x000001a005a23830 Thread added: 0x000001a005a231a0
Event: 1288.254 Thread 0x000001a005a23830 Thread added: 0x000001a04d254060
Event: 1288.254 Thread 0x000001a005a23830 Thread added: 0x000001a04d256130
Event: 1288.254 Thread 0x000001a005a23830 Thread added: 0x000001a04d259c40
Event: 1288.255 Thread 0x000001a005a23830 Thread added: 0x000001a04d254d80
Event: 1288.255 Thread 0x000001a005a23830 Thread added: 0x000001a04d25b680
Event: 1288.255 Thread 0x000001a005a23830 Thread added: 0x000001a04d25a960
Event: 1288.255 Thread 0x000001a005a23830 Thread added: 0x000001a04d2574e0
Event: 1288.255 Thread 0x000001a005a23830 Thread added: 0x000001a04d258890
Event: 1288.255 Thread 0x000001a005a23830 Thread added: 0x000001a04d2567c0
Event: 1288.255 Thread 0x000001a005a23830 Thread added: 0x000001a04d2546f0
Event: 1288.259 Thread 0x000001a005a23830 Thread added: 0x000001a04d257b70
Event: 1288.259 Thread 0x000001a005a23830 Thread added: 0x000001a04d258200
Event: 1288.271 Thread 0x000001a005a23830 Thread exited: 0x000001a005a23830
Event: 1288.272 Thread 0x000001a005a210d0 Thread exited: 0x000001a005a210d0
Event: 1292.872 Thread 0x000001a005a22b10 Thread exited: 0x000001a005a22b10
Event: 1293.265 Thread 0x000001a04b3f7300 Thread exited: 0x000001a04b3f7300
Event: 1305.033 Thread 0x000001a005831110 Thread added: 0x000001a04b3f7300
Event: 1310.068 Thread 0x000001a04b3f7300 Thread exited: 0x000001a04b3f7300


Dynamic libraries:
0x00007ff6e81a0000 - 0x00007ff6e81b0000 	C:\Program Files\Java\jdk-22\bin\java.exe
0x00007ffe634d0000 - 0x00007ffe636e7000 	C:\WINDOWS\SYSTEM32\ntdll.dll
0x00007ffe62a50000 - 0x00007ffe62b14000 	C:\WINDOWS\System32\KERNEL32.DLL
0x00007ffe60940000 - 0x00007ffe60cf9000 	C:\WINDOWS\System32\KERNELBASE.dll
0x00007ffe61050000 - 0x00007ffe61161000 	C:\WINDOWS\System32\ucrtbase.dll
0x00007ffe495a0000 - 0x00007ffe495bb000 	C:\Program Files\Java\jdk-22\bin\VCRUNTIME140.dll
0x00007ffe432f0000 - 0x00007ffe43307000 	C:\Program Files\Java\jdk-22\bin\jli.dll
0x00007ffe62160000 - 0x00007ffe6230e000 	C:\WINDOWS\System32\USER32.dll
0x00007ffe60d70000 - 0x00007ffe60d96000 	C:\WINDOWS\System32\win32u.dll
0x00007ffe4b1b0000 - 0x00007ffe4b442000 	C:\WINDOWS\WinSxS\amd64_microsoft.windows.common-controls_6595b64144ccf1df_6.0.22621.4391_none_2715d37f73803e96\COMCTL32.dll
0x00007ffe61ee0000 - 0x00007ffe61f09000 	C:\WINDOWS\System32\GDI32.dll
0x00007ffe61c90000 - 0x00007ffe61d37000 	C:\WINDOWS\System32\msvcrt.dll
0x00007ffe60e90000 - 0x00007ffe60fab000 	C:\WINDOWS\System32\gdi32full.dll
0x00007ffe60fb0000 - 0x00007ffe6104a000 	C:\WINDOWS\System32\msvcp_win.dll
0x00007ffe62120000 - 0x00007ffe62151000 	C:\WINDOWS\System32\IMM32.DLL
0x00007ffe597f0000 - 0x00007ffe597fc000 	C:\Program Files\Java\jdk-22\bin\vcruntime140_1.dll
0x00007ffe430b0000 - 0x00007ffe4313e000 	C:\Program Files\Java\jdk-22\bin\msvcp140.dll
0x00007ffdd7140000 - 0x00007ffdd7e89000 	C:\Program Files\Java\jdk-22\bin\server\jvm.dll
0x00007ffe61fd0000 - 0x00007ffe62082000 	C:\WINDOWS\System32\ADVAPI32.dll
0x00007ffe62310000 - 0x00007ffe623b7000 	C:\WINDOWS\System32\sechost.dll
0x00007ffe60da0000 - 0x00007ffe60dc8000 	C:\WINDOWS\System32\bcrypt.dll
0x00007ffe62520000 - 0x00007ffe62634000 	C:\WINDOWS\System32\RPCRT4.dll
0x00007ffe62b90000 - 0x00007ffe62c01000 	C:\WINDOWS\System32\WS2_32.dll
0x00007ffe5f620000 - 0x00007ffe5f66d000 	C:\WINDOWS\SYSTEM32\POWRPROF.dll
0x00007ffe5e310000 - 0x00007ffe5e344000 	C:\WINDOWS\SYSTEM32\WINMM.dll
0x00007ffe58b80000 - 0x00007ffe58b8a000 	C:\WINDOWS\SYSTEM32\VERSION.dll
0x00007ffe5f600000 - 0x00007ffe5f613000 	C:\WINDOWS\SYSTEM32\UMPDC.dll
0x00007ffe5f8d0000 - 0x00007ffe5f8e8000 	C:\WINDOWS\SYSTEM32\kernel.appcore.dll
0x00007ffe597e0000 - 0x00007ffe597ea000 	C:\Program Files\Java\jdk-22\bin\jimage.dll
0x00007ffe5e0d0000 - 0x00007ffe5e302000 	C:\WINDOWS\SYSTEM32\DBGHELP.DLL
0x00007ffe61480000 - 0x00007ffe6180f000 	C:\WINDOWS\System32\combase.dll
0x00007ffe62640000 - 0x00007ffe62717000 	C:\WINDOWS\System32\OLEAUT32.dll
0x00007ffe5e090000 - 0x00007ffe5e0c2000 	C:\WINDOWS\SYSTEM32\dbgcore.DLL
0x00007ffe61170000 - 0x00007ffe611eb000 	C:\WINDOWS\System32\bcryptPrimitives.dll
0x00007ffe43800000 - 0x00007ffe4381e000 	C:\Program Files\Java\jdk-22\bin\java.dll
0x00007ffe62c10000 - 0x00007ffe63486000 	C:\WINDOWS\System32\SHELL32.dll
0x00007ffe628a0000 - 0x00007ffe62a45000 	C:\WINDOWS\System32\ole32.dll
0x00007ffe5e6d0000 - 0x00007ffe5efd3000 	C:\WINDOWS\SYSTEM32\windows.storage.dll
0x00007ffe5e580000 - 0x00007ffe5e6bf000 	C:\WINDOWS\SYSTEM32\wintypes.dll
0x00007ffe62780000 - 0x00007ffe62879000 	C:\WINDOWS\System32\SHCORE.dll
0x00007ffe62720000 - 0x00007ffe6277e000 	C:\WINDOWS\System32\shlwapi.dll
0x00007ffe60700000 - 0x00007ffe6072b000 	C:\WINDOWS\SYSTEM32\profapi.dll
0x00007ffe529a0000 - 0x00007ffe529b0000 	C:\Program Files\Java\jdk-22\bin\net.dll
0x00007ffe5fd60000 - 0x00007ffe5fdc9000 	C:\WINDOWS\system32\mswsock.dll
0x00007ffe43140000 - 0x00007ffe43156000 	C:\Program Files\Java\jdk-22\bin\nio.dll
0x00007ffe404d0000 - 0x00007ffe404e7000 	C:\Program Files\Java\jdk-22\bin\zip.dll
0x00007ffe43160000 - 0x00007ffe4316a000 	C:\Program Files\Java\jdk-22\bin\management.dll
0x00007ffe43060000 - 0x00007ffe4306b000 	C:\Program Files\Java\jdk-22\bin\management_ext.dll
0x00007ffe61ed0000 - 0x00007ffe61ed8000 	C:\WINDOWS\System32\PSAPI.DLL
0x00007ffe5bd00000 - 0x00007ffe5bd0b000 	C:\Program Files\Java\jdk-22\bin\le.dll
0x00007ffe5ffe0000 - 0x00007ffe5fffb000 	C:\WINDOWS\SYSTEM32\CRYPTSP.dll
0x00007ffe5f820000 - 0x00007ffe5f855000 	C:\WINDOWS\system32\rsaenh.dll
0x00007ffe5fe50000 - 0x00007ffe5fe78000 	C:\WINDOWS\SYSTEM32\USERENV.dll
0x00007ffe5ffd0000 - 0x00007ffe5ffdc000 	C:\WINDOWS\SYSTEM32\CRYPTBASE.dll
0x00007ffe5f340000 - 0x00007ffe5f36d000 	C:\WINDOWS\SYSTEM32\IPHLPAPI.DLL
0x00007ffe62110000 - 0x00007ffe62119000 	C:\WINDOWS\System32\NSI.dll
0x00007ffe5bc00000 - 0x00007ffe5bc0e000 	C:\Program Files\Java\jdk-22\bin\sunmscapi.dll
0x00007ffe607d0000 - 0x00007ffe60936000 	C:\WINDOWS\System32\CRYPT32.dll
0x00007ffe60190000 - 0x00007ffe601bd000 	C:\WINDOWS\SYSTEM32\ncrypt.dll
0x00007ffe60150000 - 0x00007ffe60187000 	C:\WINDOWS\SYSTEM32\NTASN1.dll
0x00007ffe49840000 - 0x00007ffe49850000 	C:\Program Files\Java\jdk-22\bin\verify.dll
0x00007ffe45200000 - 0x00007ffe45209000 	C:\Program Files\Java\jdk-22\bin\extnet.dll
0x00007ffe0d0e0000 - 0x00007ffe0d0e8000 	C:\WINDOWS\system32\wshunix.dll
0x00007ffe5f370000 - 0x00007ffe5f472000 	C:\WINDOWS\SYSTEM32\DNSAPI.dll
0x00007ffe59cd0000 - 0x00007ffe59cda000 	C:\Windows\System32\rasadhlp.dll
0x00007ffe5b790000 - 0x00007ffe5b813000 	C:\WINDOWS\System32\fwpuclnt.dll

dbghelp: loaded successfully - version: 4.0.5 - missing functions: none
symbol engine: initialized successfully - sym options: 0x614 - pdb path: .;C:\Program Files\Java\jdk-22\bin;C:\WINDOWS\SYSTEM32;C:\WINDOWS\WinSxS\amd64_microsoft.windows.common-controls_6595b64144ccf1df_6.0.22621.4391_none_2715d37f73803e96;C:\Program Files\Java\jdk-22\bin\server

VM Arguments:
jvm_args: -XX:TieredStopAtLevel=1 
java_command: com.example.FinalProjectApplication
java_class_path (initial): D:\Rutesh\University\Computing concepts\Final Project\Final_Project_GUI_Plans\final_project\target\classes;C:\Users\rutes\.m2\repository\com\fasterxml\jackson\core\jackson-databind\2.15.2\jackson-databind-2.15.2.jar;C:\Users\rutes\.m2\repository\com\fasterxml\jackson\core\jackson-annotations\2.15.2\jackson-annotations-2.15.2.jar;C:\Users\rutes\.m2\repository\com\fasterxml\jackson\core\jackson-core\2.15.2\jackson-core-2.15.2.jar;C:\Users\rutes\.m2\repository\com\fasterxml\jackson\datatype\jackson-datatype-jdk8\2.15.2\jackson-datatype-jdk8-2.15.2.jar;C:\Users\rutes\.m2\repository\com\fasterxml\jackson\datatype\jackson-datatype-jsr310\2.15.2\jackson-datatype-jsr310-2.15.2.jar;C:\Users\rutes\.m2\repository\com\fasterxml\jackson\module\jackson-module-parameter-names\2.15.2\jackson-module-parameter-names-2.15.2.jar;C:\Users\rutes\.m2\repository\org\apache\tomcat\embed\tomcat-embed-core\10.1.13\tomcat-embed-core-10.1.13.jar;C:\Users\rutes\.m2\repository\org\apache\tomcat\embed\tomcat-embed-el\10.1.13\tomcat-embed-el-10.1.13.jar;C:\Users\rutes\.m2\repository\org\apache\tomcat\embed\tomcat-embed-websocket\10.1.13\tomcat-embed-websocket-10.1.13.jar;C:\Users\rutes\.m2\repository\org\springframework\spring-web\6.0.12\spring-web-6.0.12.jar;C:\Users\rutes\.m2\repository\org\springframework\spring-beans\6.0.12\spring-beans-6.0.12.jar;C:\Users\rutes\.m2\repository\io\micrometer\micrometer-observation\1.11.4\micrometer-observation-1.11.4.jar;C:\Users\rutes\.m2\repository\io\micrometer\micrometer-commons\1.11.4\micrometer-commons-1.11.4.jar;C:\Users\rutes\.m2\repository\org\springframework\spring-webmvc\6.0.12\spring-webmvc-6.0.12.jar;C:\Users\rutes\.m2\repository\org\springframework\spring-aop\6.0.12\spring-aop-6.0.12.jar;C:\Users\rutes\.m2\repository\org\springframework\spring-context\6.0.12\spring-context-6.0.12.jar;C:\Users\rutes\.m2\repository\org\springframework\spring-expression\6.0.12\spring-expression-6.0.12.jar;C:\Users\rutes\.m2\repository\org\springframework\boot\spring-boot\3.1.4\spring-boot-3.1.4.jar;C:\Users\rutes\.m2\repository\org\springframework\boot\spring-boot-autoconfigure\3.1.4\spring-boot-autoconfigure-3.1.4.jar;C:\Users\rutes\.m2\repository\ch\qos\logback\logback-classic\1.4.11\logback-classic-1.4.11.jar;C:\Users\rutes\.m2\repository\ch\qos\logback\logback-core\1.4.11\logback-core-1.4.11.jar;C:\Users\rutes\.m2\repository\org\apache\logging\log4j\log4j-to-slf4j\2.20.0\log4j-to-slf4j-2.20.0.jar;C:\Users\rutes\.m2\repository\org\apache\logging\log4j\log4j-api\2.20.0\log4j-api-2.20.0.jar;C:\Users\rutes\.m2\repository\org\slf4j\jul-to-slf4j\2.0.9\jul-to-slf4j-2.0.9.jar;C:\Users\rutes\.m2\repository\jakarta\annotation\jakarta.annotation-api\2.1.1\jakarta.annotation-api-2.1.1.jar;C:\Users\rutes\.m2\repository\org\springframework\spring-core\6.0.12\spring-core-6.0.12.jar;C:\Users\rutes\.m2\repository\org\springframework\spring-jcl\6.0.12\spring-jcl-6.0.12.jar;C:\Users\rutes\.m2\repository\org\yaml\snakeyaml\1.33\snakeyaml-1.33.jar;C:\Users\rutes\.m2\repository\org\slf4j\slf4j-api\2.0.9\slf4j-api-2.0.9.jar;C:\Users\rutes\.m2\repository\jakarta\xml\bind\jakarta.xml.bind-api\4.0.1\jakarta.xml.bind-api-4.0.1.jar;C:\Users\rutes\.m2\repository\jakarta\activation\jakarta.activation-api\2.1.2\jakarta.activation-api-2.1.2.jar;C:\Users\rutes\.m2\repository\net\bytebuddy\byte-buddy\1.14.8\byte-buddy-1.14.8.jar;C:\Users\rutes\.m2\repository\org\aspectj\aspectjweaver\1.9.20\aspectjweaver-1.9.20.jar;C:\Users\rutes\.m2\repository\com\zaxxer\HikariCP\5.0.1\HikariCP-5.0.1.jar;C:\Users\rutes\.m2\repository\org\springframework\spring-jdbc\6.0.12\spring-jdbc-6.0.12.jar;C:\Users\rutes\.m2\repository\org\hibernate\orm\hibernate-core\6.2.9.Final\hibernate-core-6.2.9.Final.jar;C:\Users\rutes\.m2\repository\jakarta\persistence\jakarta.persistence-api\3.1.0\jakarta.persistence-api-3.1.0.jar;C:\Users\rutes\.m2\repository\jakarta\transaction\jakarta.transaction-api\2.0.1\jakarta.transaction-api-2.0.1.jar;C:\Users\rutes\.m2\repository\org\jboss\logging\jboss-logging\3.5.3.Final\jboss-logging-3.5.3.Final.jar;C:\Users\rutes\.m2\repository\org\hibernate\common\hibernate-commons-annotations\6.0.6.Final\hibernate-commons-annotations-6.0.6.Final.jar;C:\Users\rutes\.m2\repository\io\smallrye\jandex\3.0.5\jandex-3.0.5.jar;C:\Users\rutes\.m2\repository\com\fasterxml\classmate\1.5.1\classmate-1.5.1.jar;C:\Users\rutes\.m2\repository\org\glassfish\jaxb\jaxb-runtime\4.0.3\jaxb-runtime-4.0.3.jar;C:\Users\rutes\.m2\repository\org\glassfish\jaxb\jaxb-core\4.0.3\jaxb-core-4.0.3.jar;C:\Users\rutes\.m2\repository\org\eclipse\angus\angus-activation\2.0.1\angus-activation-2.0.1.jar;C:\Users\rutes\.m2\repository\org\glassfish\jaxb\txw2\4.0.3\txw2-4.0.3.jar;C:\Users\rutes\.m2\repository\com\sun\istack\istack-commons-runtime\4.1.2\istack-commons-runtime-4.1.2.jar;C:\Users\rutes\.m2\repository\jakarta\inject\jakarta.inject-api\2.0.1\jakarta.inject-api-2.0.1.jar;C:\Users\rutes\.m2\repository\org\antlr\antlr4-runtime\4.10.1\antlr4-runtime-4.10.1.jar;C:\Users\rutes\.m2\repository\org\springframework\data\spring-data-jpa\3.1.4\spring-data-jpa-3.1.4.jar;C:\Users\rutes\.m2\repository\org\springframework\data\spring-data-commons\3.1.4\spring-data-commons-3.1.4.jar;C:\Users\rutes\.m2\repository\org\springframework\spring-orm\6.0.12\spring-orm-6.0.12.jar;C:\Users\rutes\.m2\repository\org\springframework\spring-tx\6.0.12\spring-tx-6.0.12.jar;C:\Users\rutes\.m2\repository\org\springframework\spring-aspects\6.0.12\spring-aspects-6.0.12.jar;C:\Users\rutes\.m2\repository\org\springframework\boot\spring-boot-devtools\3.1.4\spring-boot-devtools-3.1.4.jar;C:\Users\rutes\.m2\repository\com\h2database\h2\2.1.214\h2-2.1.214.jar;C:\Users\rutes\.m2\repository\com\opencsv\opencsv\5.7.1\opencsv-5.7.1.jar;C:\Users\rutes\.m2\repository\org\apache\commons\commons-lang3\3.12.0\commons-lang3-3.12.0.jar;C:\Users\rutes\.m2\repository\org\apache\commons\commons-text\1.10.0\commons-text-1.10.0.jar;C:\Users\rutes\.m2\repository\commons-beanutils\commons-beanutils\1.9.4\commons-beanutils-1.9.4.jar;C:\Users\rutes\.m2\repository\commons-logging\commons-logging\1.2\commons-logging-1.2.jar;C:\Users\rutes\.m2\repository\commons-collections\commons-collections\3.2.2\commons-collections-3.2.2.jar;C:\Users\rutes\.m2\repository\org\jsoup\jsoup\1.16.1\jsoup-1.16.1.jar;C:\Users\rutes\.m2\repository\org\apache\commons\commons-collections4\4.4\commons-collections4-4.4.jar;C:\Users\rutes\.m2\repository\org\json\json\20230618\json-20230618.jar;C:\Users\rutes\.m2\repository\org\thymeleaf\thymeleaf-spring6\3.1.2.RELEASE\thymeleaf-spring6-3.1.2.RELEASE.jar;C:\Users\rutes\.m2\repository\org\thymeleaf\thymeleaf\3.1.2.RELEASE\thymeleaf-3.1.2.RELEASE.jar;C:\Users\rutes\.m2\repository\org\attoparser\attoparser\2.0.7.RELEASE\attoparser-2.0.7.RELEASE.jar;C:\Users\rutes\.m2\repository\org\unbescape\unbescape\1.1.6.RELEASE\unbescape-1.1.6.RELEASE.jar
Launcher Type: SUN_STANDARD

[Global flags]
     intx CICompilerCount                          = 4                                         {product} {ergonomic}
     uint ConcGCThreads                            = 2                                         {product} {ergonomic}
     uint G1ConcRefinementThreads                  = 8                                         {product} {ergonomic}
   size_t G1HeapRegionSize                         = 1048576                                   {product} {ergonomic}
   size_t InitialHeapSize                          = 132120576                                 {product} {ergonomic}
   size_t MarkStackSize                            = 4194304                                   {product} {ergonomic}
   size_t MaxHeapSize                              = 2092957696                                {product} {ergonomic}
   size_t MaxNewSize                               = 1255145472                                {product} {ergonomic}
   size_t MinHeapDeltaBytes                        = 1048576                                   {product} {ergonomic}
   size_t MinHeapSize                              = 8388608                                   {product} {ergonomic}
    uintx NonNMethodCodeHeapSize                   = 4096                                   {pd product} {ergonomic}
    uintx NonProfiledCodeHeapSize                  = 0                                      {pd product} {ergonomic}
     bool ProfileInterpreter                       = false                                  {pd product} {command line}
    uintx ProfiledCodeHeapSize                     = 0                                      {pd product} {ergonomic}
   size_t SoftMaxHeapSize                          = 2092957696                             {manageable} {ergonomic}
     intx TieredStopAtLevel                        = 1                                         {product} {command line}
     bool UseCompressedOops                        = true                           {product lp64_product} {ergonomic}
     bool UseG1GC                                  = true                                      {product} {ergonomic}
     bool UseLargePagesIndividualAllocation        = false                                  {pd product} {ergonomic}

Logging:
Log output configuration:
 #0: stdout all=warning uptime,level,tags foldmultilines=false
 #1: stderr all=off uptime,level,tags foldmultilines=false

Environment Variables:
JAVA_HOME=C:\Program Files\Java\jdk-22
PATH=C:\Program Files\Common Files\Oracle\Java\javapath;C:\Windows\system32;C:\Windows;C:\Windows\System32\Wbem;C:\Windows\System32\WindowsPowerShell\v1.0\;C:\Windows\System32\OpenSSH\;C:\Program Files (x86)\NVIDIA Corporation\PhysX\Common;C:\Program Files\NVIDIA Corporation\NVIDIA NvDLISR;C:\WINDOWS\system32;C:\WINDOWS;C:\WINDOWS\System32\Wbem;C:\WINDOWS\System32\WindowsPowerShell\v1.0\;C:\WINDOWS\System32\OpenSSH\;D:\mingw32\bin;D:\MinGW\bin;D:\Git\cmd;D:\flutter_windows_2.10.5-stable\flutter\bin;C:\Program Files\OpenSSL-Win64\bin;D:\SDK_Folder\platforms;D:\SDK_Folder\platform-tools;C:\Program Files\dotnet\;C:\src\flutter\bin;C:\Program Files\Java\jdk-22\bin;D:\Rutesh\University\Computing concepts\Selenium_Jars_Chrome_files\chrome_driver;D:\Rutesh\University\Computing concepts\Final Project\apache-maven-3.9.9\bin;C:\Users\rutes\AppData\Local\Microsoft\WindowsApps;D:\Microsoft VS Code\bin;D:\mingw32\bin;D:\MinGW\bin;C:\Users\rutes\Downloads\flutter_windows_2.10.5-stable\flutter\bin;D:\PyCharm Community Edition 2022.1.1\bin;;C:\src\flutter\bin;D:\SDK_Folder\platforms;D:\SDK_Folder\platform-tools;D:\flutter_windows_2.10.5-stable\flutter\bin;C:\src\flutter\bin;C:\src\flutter\;C:\Program Files\Java\jdk-22\bin;C:\Program Files\JetBrains\IntelliJ IDEA Community Edition 2024.2.2\bin;;D:\Rutesh\University\Computing concepts\Final Project\apache-maven-3.9.9\bin;
USERNAME=rutes
LANG=en_US.UTF-8
OS=Windows_NT
PROCESSOR_IDENTIFIER=Intel64 Family 6 Model 142 Stepping 12, GenuineIntel
TMP=C:\Users\rutes\AppData\Local\Temp
TEMP=C:\Users\rutes\AppData\Local\Temp




Periodic native trim disabled

---------------  S Y S T E M  ---------------

OS:
 Windows 11 , 64 bit Build 22621 (10.0.22621.4391)
OS uptime: 0 days 2:31 hours
Hyper-V role detected

CPU: total 8 (initial active 8) (4 cores per cpu, 2 threads per core) family 6 model 142 stepping 12 microcode 0xde, cx8, cmov, fxsr, ht, mmx, 3dnowpref, sse, sse2, sse3, ssse3, sse4.1, sse4.2, popcnt, lzcnt, tsc, tscinvbit, avx, avx2, aes, erms, clmul, bmi1, bmi2, adx, fma, vzeroupper, clflush, clflushopt, hv, rdtscp, f16c
Processor Information for all 8 processors :
  Max Mhz: 2112, Current Mhz: 1609, Mhz Limit: 1605

Memory: 4k page, system-wide physical 7976M (1084M free)
TotalPageFile size 17704M (AvailPageFile size 4877M)
current process WorkingSet (physical memory assigned to process): 193M, peak: 206M
current process commit charge ("private bytes"): 256M, peak: 302M

vm_info: Java HotSpot(TM) 64-Bit Server VM (22.0.2+9-70) for windows-amd64 JRE (22.0.2+9-70), built on 2024-06-04T16:52:23Z by "mach5one" with MS VC++ 17.6 (VS2022)

END.
